2026-05-14 23:48:45,306 INFO news_platform - News-platform ready: db=news_platform sources=['ltn:society', 'ettoday:society', 'tvbs:society', 'cna:society', 'pts:society', 'ebc:society', 'newtalk:society', 'storm:society', 'ctee:society', 'ltn:politics', 'ettoday:politics', 'tvbs:politics', 'cna:politics', 'pts:politics', 'ebc:politics', 'newtalk:politics', 'storm:politics', 'ctee:politics']
2026-05-14 23:48:45,492 INFO news_platform.pipeline - Fetched source=ltn:society items=20
2026-05-14 23:48:45,667 INFO news_platform.pipeline - Fetched source=pts:society items=15
2026-05-14 23:48:45,673 INFO news_platform.pipeline - Fetched source=storm:society items=20
2026-05-14 23:48:45,699 INFO news_platform.pipeline - Fetched source=cna:society items=20
2026-05-14 23:48:45,707 INFO news_platform.pipeline - Fetched source=tvbs:society items=20
2026-05-14 23:48:45,714 INFO news_platform.pipeline - Fetched source=ebc:society items=20
2026-05-14 23:48:45,717 INFO news_platform.pipeline - Fetched source=ltn:politics items=20
2026-05-14 23:48:45,755 INFO news_platform.pipeline - Fetched source=tvbs:politics items=20
2026-05-14 23:48:45,765 INFO news_platform.pipeline - Fetched source=newtalk:society items=20
2026-05-14 23:48:45,803 INFO news_platform.pipeline - Fetched source=ettoday:politics items=20
2026-05-14 23:48:45,812 INFO news_platform.pipeline - Fetched source=ebc:politics items=16
2026-05-14 23:48:45,836 INFO news_platform.pipeline - Fetched source=newtalk:politics items=20
2026-05-14 23:48:45,914 INFO news_platform.pipeline - Fetched source=ctee:society items=20
2026-05-14 23:48:45,926 INFO news_platform.pipeline - Fetched source=pts:politics items=15
2026-05-14 23:48:46,055 INFO news_platform.pipeline - Fetched source=storm:politics items=20
2026-05-14 23:48:46,057 INFO news_platform.pipeline - Fetched source=cna:politics items=20
2026-05-14 23:48:46,165 INFO news_platform.pipeline - Fetched source=ctee:politics items=19
2026-05-14 23:48:46,542 INFO news_platform.pipeline - Fetched source=ettoday:society items=20
2026-05-14 23:48:46,811 INFO news_platform - Cycle complete fetched=345 stored=7 duplicates=338 failed=0
2026-05-14 23:48:47,350 DEBUG jieba - Building prefix dict from the default dictionary ...
2026-05-14 23:48:47,351 DEBUG jieba - Loading model from cache D:\work_space\stock\data-collecting\.cache\jieba\jieba.cache
2026-05-14 23:48:47,967 DEBUG jieba - Loading model cost 0.616 seconds.
2026-05-14 23:48:47,968 DEBUG jieba - Prefix dict has been built successfully.
2026-05-14 23:48:47,990 INFO news_platform - Keyword pass scanned=7 updated=7 failed=0
2026-05-14 23:48:48,013 INFO news_platform - Topic pass scanned=7 updated=7 failed=0
2026-05-14 23:48:48,248 INFO news_platform.public_record_pipeline - Fetched public source=npa:fraud_rumor records=89
2026-05-14 23:48:48,265 INFO news_platform.public_record_pipeline - Fetched public source=ly:legislative_bill records=116
2026-05-14 23:48:48,477 INFO news_platform.public_record_pipeline - Fetched public source=npa:traffic_accident_a1 records=489
2026-05-14 23:48:48,479 INFO news_platform.public_record_pipeline - Fetched public source=npa:traffic_drunk_driving_stat records=10
2026-05-14 23:48:48,672 INFO news_platform.public_record_pipeline - Fetched public source=npa:fraud_enforcement_stat records=20
2026-05-14 23:48:48,934 INFO news_platform.public_record_pipeline - Fetched public source=ly:healthcare_legislative_bill records=35
2026-05-14 23:48:50,384 INFO news_platform.public_record_pipeline - Fetched public source=npa:fraud_blocked_domain_stat records=43
2026-05-14 23:48:50,659 INFO news_platform.public_record_pipeline - Fetched public source=nhi:hospital_nursing_staff_stat records=1408
2026-05-14 23:48:50,686 INFO news_platform.public_record_pipeline - Fetched public source=nhi:hospital_bed_occupancy_stat records=476
2026-05-14 23:48:57,118 INFO news_platform.public_record_pipeline - Fetched public source=mohw:hospital_workforce_stat records=286
2026-05-14 23:48:57,198 INFO news_platform.public_record_pipeline - Fetched public source=mohw:nursing_staff_stat records=5
2026-05-14 23:48:57,342 INFO news_platform.public_record_pipeline - Fetched public source=mohw:hospital_bed_stat records=286
2026-05-14 23:48:57,394 INFO news_platform.public_record_pipeline - Fetched public source=mojac:daily_custody_stat records=1
2026-05-14 23:48:57,534 INFO news_platform.public_record_pipeline - Fetched public source=mohw:clinic_workforce_stat records=286
2026-05-14 23:48:57,904 INFO news_platform.public_record_pipeline - Fetched public source=moj:prosecution_disposition_stat records=51
2026-05-14 23:49:00,228 INFO news_platform.public_record_pipeline - Fetched public source=npa:traffic_accident_a2_stat records=85
2026-05-14 23:49:06,530 INFO news_platform - Public records daily pass fetched=3686 stored=0 duplicates=3686 failed=0
2026-05-14 23:49:07,114 INFO news_platform - Public-record link pass scanned_articles=200 candidate_records=310 matched=1 linked=0 duplicates=1 failed=0
2026-05-14 23:49:07,116 INFO news_platform - TTL purge done date=2026-05-14 deleted=0
2026-05-15 00:04:07,260 INFO news_platform.pipeline - Fetched source=ltn:society items=20
2026-05-15 00:04:07,288 WARNING news_platform.sources.rss_feed - RSS empty source=storm:society url=https://www.storm.mg/api/getRss/channel_id/9?path=https%3A%2F%2Fwww.storm.mg%2Farticle
2026-05-15 00:04:07,289 WARNING news_platform.pipeline - Fetched source=storm:society items=0 (verify feed is alive)
2026-05-15 00:04:07,308 INFO news_platform.pipeline - Fetched source=newtalk:society items=20
2026-05-15 00:04:07,318 INFO news_platform.pipeline - Fetched source=tvbs:society items=20
2026-05-15 00:04:07,328 INFO news_platform.pipeline - Fetched source=ltn:politics items=20
2026-05-15 00:04:07,371 INFO news_platform.pipeline - Fetched source=tvbs:politics items=20
2026-05-15 00:04:07,446 INFO news_platform.pipeline - Fetched source=ebc:society items=20
2026-05-15 00:04:07,463 INFO news_platform.pipeline - Fetched source=ettoday:politics items=20
2026-05-15 00:04:07,509 INFO news_platform.pipeline - Fetched source=pts:society items=15
2026-05-15 00:04:07,554 INFO news_platform.pipeline - Fetched source=ebc:politics items=16
2026-05-15 00:04:07,574 INFO news_platform.pipeline - Fetched source=newtalk:politics items=20
2026-05-15 00:04:07,619 INFO news_platform.pipeline - Fetched source=pts:politics items=15
2026-05-15 00:04:07,628 WARNING news_platform.sources.rss_feed - RSS empty source=storm:politics url=https://www.storm.mg/api/getRss/channel_id/7?path=https%3A%2F%2Fwww.storm.mg%2Farticle
2026-05-15 00:04:07,629 WARNING news_platform.pipeline - Fetched source=storm:politics items=0 (verify feed is alive)
2026-05-15 00:04:07,863 INFO news_platform.pipeline - Fetched source=ctee:society items=20
2026-05-15 00:04:07,900 INFO news_platform.pipeline - Fetched source=ctee:politics items=19
2026-05-15 00:04:08,321 INFO news_platform.pipeline - Fetched source=cna:society items=20
2026-05-15 00:04:08,356 INFO news_platform.pipeline - Fetched source=ettoday:society items=20
2026-05-15 00:04:08,464 INFO news_platform.pipeline - Fetched source=cna:politics items=20
2026-05-15 00:04:08,695 INFO news_platform - Cycle complete fetched=305 stored=5 duplicates=300 failed=0
2026-05-15 00:04:08,812 INFO news_platform - Keyword pass scanned=5 updated=5 failed=0
2026-05-15 00:04:08,831 INFO news_platform - Topic pass scanned=5 updated=5 failed=0
2026-05-15 00:04:09,067 INFO news_platform.public_record_pipeline - Fetched public source=ly:legislative_bill records=139
2026-05-15 00:04:09,077 INFO news_platform.public_record_pipeline - Fetched public source=npa:fraud_rumor records=89
2026-05-15 00:04:09,306 INFO news_platform.public_record_pipeline - Fetched public source=npa:traffic_drunk_driving_stat records=10
2026-05-15 00:04:09,683 INFO news_platform.public_record_pipeline - Fetched public source=npa:traffic_accident_a1 records=489
2026-05-15 00:04:10,286 INFO news_platform.public_record_pipeline - Fetched public source=npa:fraud_enforcement_stat records=20
2026-05-15 00:04:10,412 INFO news_platform.public_record_pipeline - Fetched public source=ly:healthcare_legislative_bill records=35
2026-05-15 00:04:13,199 INFO news_platform.public_record_pipeline - Fetched public source=nhi:hospital_bed_occupancy_stat records=476
2026-05-15 00:04:13,978 INFO news_platform.public_record_pipeline - Fetched public source=nhi:hospital_nursing_staff_stat records=1408
2026-05-15 00:04:14,503 INFO news_platform.public_record_pipeline - Fetched public source=npa:fraud_blocked_domain_stat records=43
2026-05-15 00:04:19,148 INFO news_platform.public_record_pipeline - Fetched public source=mohw:hospital_workforce_stat records=286
2026-05-15 00:04:19,483 INFO news_platform.public_record_pipeline - Fetched public source=npa:traffic_accident_a2_stat records=85
2026-05-15 00:04:19,483 INFO news_platform.public_record_pipeline - Fetched public source=mohw:nursing_staff_stat records=5
2026-05-15 00:04:19,521 INFO news_platform.public_record_pipeline - Fetched public source=mojac:daily_custody_stat records=1
2026-05-15 00:04:20,142 INFO news_platform.public_record_pipeline - Fetched public source=moj:prosecution_disposition_stat records=51
2026-05-15 00:04:20,251 INFO news_platform.public_record_pipeline - Fetched public source=mohw:hospital_bed_stat records=286
2026-05-15 00:04:20,264 INFO news_platform.public_record_pipeline - Fetched public source=mohw:clinic_workforce_stat records=286
2026-05-15 00:04:25,663 INFO news_platform - Public records daily pass fetched=3709 stored=23 duplicates=3686 failed=0
2026-05-15 00:04:26,282 INFO news_platform - Public-record link pass scanned_articles=200 candidate_records=333 matched=1 linked=0 duplicates=1 failed=0
2026-05-15 00:04:26,283 INFO news_platform - TTL purge done date=2026-05-15 deleted=0
2026-05-15 00:19:26,334 INFO news_platform.pipeline - Fetched source=ltn:society items=20
2026-05-15 00:19:26,378 INFO news_platform.pipeline - Fetched source=newtalk:society items=20
2026-05-15 00:19:26,394 INFO news_platform.pipeline - Fetched source=ltn:politics items=20
2026-05-15 00:19:26,446 INFO news_platform.pipeline - Fetched source=storm:society items=1
2026-05-15 00:19:26,492 INFO news_platform.pipeline - Fetched source=ettoday:politics items=20
2026-05-15 00:19:26,519 INFO news_platform.pipeline - Fetched source=pts:society items=15
2026-05-15 00:19:26,554 INFO news_platform.pipeline - Fetched source=ebc:society items=20
2026-05-15 00:19:26,584 INFO news_platform.pipeline - Fetched source=tvbs:society items=20
2026-05-15 00:19:26,589 INFO news_platform.pipeline - Fetched source=tvbs:politics items=20
2026-05-15 00:19:26,591 INFO news_platform.pipeline - Fetched source=cna:society items=20
2026-05-15 00:19:26,658 INFO news_platform.pipeline - Fetched source=ebc:politics items=16
2026-05-15 00:19:26,682 INFO news_platform.pipeline - Fetched source=newtalk:politics items=20
2026-05-15 00:19:26,723 INFO news_platform.pipeline - Fetched source=ctee:society items=20
2026-05-15 00:19:26,743 WARNING news_platform.sources.rss_feed - RSS empty source=storm:politics url=https://www.storm.mg/api/getRss/channel_id/7?path=https%3A%2F%2Fwww.storm.mg%2Farticle
2026-05-15 00:19:26,743 WARNING news_platform.pipeline - Fetched source=storm:politics items=0 (verify feed is alive)
2026-05-15 00:19:26,756 INFO news_platform.pipeline - Fetched source=pts:politics items=15
2026-05-15 00:19:27,000 INFO news_platform.pipeline - Fetched source=ctee:politics items=19
2026-05-15 00:19:27,528 INFO news_platform.pipeline - Fetched source=ettoday:society items=20
2026-05-15 00:19:27,657 INFO news_platform.pipeline - Fetched source=cna:politics items=20
2026-05-15 00:19:27,864 INFO news_platform - Cycle complete fetched=306 stored=6 duplicates=300 failed=0
2026-05-15 00:19:27,951 INFO news_platform - Keyword pass scanned=6 updated=6 failed=0
2026-05-15 00:19:27,969 INFO news_platform - Topic pass scanned=6 updated=6 failed=0
2026-05-15 00:19:28,586 INFO news_platform - Public-record link pass scanned_articles=200 candidate_records=333 matched=1 linked=0 duplicates=1 failed=0
2026-05-15 00:34:28,629 INFO news_platform.pipeline - Fetched source=ltn:society items=20
2026-05-15 00:34:28,744 INFO news_platform.pipeline - Fetched source=newtalk:society items=20
2026-05-15 00:34:28,794 INFO news_platform.pipeline - Fetched source=pts:society items=15
2026-05-15 00:34:28,796 INFO news_platform.pipeline - Fetched source=ltn:politics items=20
2026-05-15 00:34:28,809 INFO news_platform.pipeline - Fetched source=storm:society items=1
2026-05-15 00:34:28,827 INFO news_platform.pipeline - Fetched source=ebc:society items=20
2026-05-15 00:34:28,914 INFO news_platform.pipeline - Fetched source=ettoday:society items=20
2026-05-15 00:34:28,928 INFO news_platform.pipeline - Fetched source=ettoday:politics items=20
2026-05-15 00:34:28,989 INFO news_platform.pipeline - Fetched source=ctee:society items=20
2026-05-15 00:34:28,993 INFO news_platform.pipeline - Fetched source=ebc:politics items=16
2026-05-15 00:34:29,016 INFO news_platform.pipeline - Fetched source=newtalk:politics items=20
2026-05-15 00:34:29,096 WARNING news_platform.sources.rss_feed - RSS empty source=storm:politics url=https://www.storm.mg/api/getRss/channel_id/7?path=https%3A%2F%2Fwww.storm.mg%2Farticle
2026-05-15 00:34:29,097 WARNING news_platform.pipeline - Fetched source=storm:politics items=0 (verify feed is alive)
2026-05-15 00:34:29,122 INFO news_platform.pipeline - Fetched source=pts:politics items=15
2026-05-15 00:34:29,123 INFO news_platform.pipeline - Fetched source=cna:politics items=20
2026-05-15 00:34:29,373 INFO news_platform.pipeline - Fetched source=tvbs:politics items=20
2026-05-15 00:34:29,387 INFO news_platform.pipeline - Fetched source=ctee:politics items=19
2026-05-15 00:34:29,387 INFO news_platform.pipeline - Fetched source=tvbs:society items=20
2026-05-15 00:34:29,706 INFO news_platform.pipeline - Fetched source=cna:society items=20
2026-05-15 00:34:29,905 INFO news_platform - Cycle complete fetched=306 stored=1 duplicates=305 failed=0
2026-05-15 00:34:29,934 INFO news_platform - Keyword pass scanned=1 updated=1 failed=0
2026-05-15 00:34:29,942 INFO news_platform - Topic pass scanned=1 updated=1 failed=0
2026-05-15 00:34:30,569 INFO news_platform - Public-record link pass scanned_articles=200 candidate_records=333 matched=1 linked=0 duplicates=1 failed=0
2026-05-15 00:49:30,607 INFO news_platform.pipeline - Fetched source=ltn:society items=20
2026-05-15 00:49:30,665 INFO news_platform.pipeline - Fetched source=newtalk:society items=20
2026-05-15 00:49:30,700 INFO news_platform.pipeline - Fetched source=storm:society items=1
2026-05-15 00:49:30,832 INFO news_platform.pipeline - Fetched source=ettoday:politics items=20
2026-05-15 00:49:30,840 INFO news_platform.pipeline - Fetched source=ltn:politics items=20
2026-05-15 00:49:30,852 INFO news_platform.pipeline - Fetched source=ebc:society items=20
2026-05-15 00:49:30,852 INFO news_platform.pipeline - Fetched source=pts:society items=15
2026-05-15 00:49:30,853 INFO news_platform.pipeline - Fetched source=cna:society items=20
2026-05-15 00:49:30,860 INFO news_platform.pipeline - Fetched source=tvbs:society items=20
2026-05-15 00:49:30,887 INFO news_platform.pipeline - Fetched source=tvbs:politics items=20
2026-05-15 00:49:30,931 INFO news_platform.pipeline - Fetched source=ebc:politics items=16
2026-05-15 00:49:30,948 INFO news_platform.pipeline - Fetched source=newtalk:politics items=20
2026-05-15 00:49:30,957 INFO news_platform.pipeline - Fetched source=ctee:society items=20
2026-05-15 00:49:30,983 WARNING news_platform.sources.rss_feed - RSS empty source=storm:politics url=https://www.storm.mg/api/getRss/channel_id/7?path=https%3A%2F%2Fwww.storm.mg%2Farticle
2026-05-15 00:49:30,983 WARNING news_platform.pipeline - Fetched source=storm:politics items=0 (verify feed is alive)
2026-05-15 00:49:31,030 INFO news_platform.pipeline - Fetched source=pts:politics items=15
2026-05-15 00:49:31,306 INFO news_platform.pipeline - Fetched source=ctee:politics items=19
2026-05-15 00:49:31,713 INFO news_platform.pipeline - Fetched source=ettoday:society items=20
2026-05-15 00:49:31,976 INFO news_platform.pipeline - Fetched source=cna:politics items=20
2026-05-15 00:49:32,175 INFO news_platform - Cycle complete fetched=306 stored=1 duplicates=305 failed=0
2026-05-15 00:49:32,201 INFO news_platform - Keyword pass scanned=1 updated=1 failed=0
2026-05-15 00:49:32,209 INFO news_platform - Topic pass scanned=1 updated=1 failed=0
2026-05-15 00:49:32,827 INFO news_platform - Public-record link pass scanned_articles=200 candidate_records=333 matched=1 linked=0 duplicates=1 failed=0
2026-05-15 01:04:32,854 INFO news_platform.pipeline - Fetched source=ltn:society items=20
2026-05-15 01:04:32,923 INFO news_platform.pipeline - Fetched source=newtalk:society items=20
2026-05-15 01:04:32,925 INFO news_platform.pipeline - Fetched source=storm:society items=1
2026-05-15 01:04:32,965 INFO news_platform.pipeline - Fetched source=ltn:politics items=20
2026-05-15 01:04:33,033 INFO news_platform.pipeline - Fetched source=pts:society items=15
2026-05-15 01:04:33,046 INFO news_platform.pipeline - Fetched source=ettoday:politics items=20
2026-05-15 01:04:33,062 INFO news_platform.pipeline - Fetched source=ebc:society items=20
2026-05-15 01:04:33,104 INFO news_platform.pipeline - Fetched source=cna:society items=20
2026-05-15 01:04:33,116 INFO news_platform.pipeline - Fetched source=tvbs:politics items=20
2026-05-15 01:04:33,122 INFO news_platform.pipeline - Fetched source=tvbs:society items=20
2026-05-15 01:04:33,135 INFO news_platform.pipeline - Fetched source=ettoday:society items=20
2026-05-15 01:04:33,189 INFO news_platform.pipeline - Fetched source=ebc:politics items=16
2026-05-15 01:04:33,197 INFO news_platform.pipeline - Fetched source=newtalk:politics items=20
2026-05-15 01:04:33,232 WARNING news_platform.sources.rss_feed - RSS empty source=storm:politics url=https://www.storm.mg/api/getRss/channel_id/7?path=https%3A%2F%2Fwww.storm.mg%2Farticle
2026-05-15 01:04:33,232 WARNING news_platform.pipeline - Fetched source=storm:politics items=0 (verify feed is alive)
2026-05-15 01:04:33,257 INFO news_platform.pipeline - Fetched source=ctee:society items=20
2026-05-15 01:04:33,310 INFO news_platform.pipeline - Fetched source=pts:politics items=15
2026-05-15 01:04:33,328 INFO news_platform.pipeline - Fetched source=cna:politics items=20
2026-05-15 01:04:33,523 INFO news_platform.pipeline - Fetched source=ctee:politics items=18
2026-05-15 01:04:33,719 INFO news_platform - Cycle complete fetched=305 stored=2 duplicates=303 failed=0
2026-05-15 01:04:33,785 INFO news_platform - Keyword pass scanned=2 updated=2 failed=0
2026-05-15 01:04:33,796 INFO news_platform - Topic pass scanned=2 updated=2 failed=0
2026-05-15 01:04:34,421 INFO news_platform - Public-record link pass scanned_articles=200 candidate_records=333 matched=1 linked=0 duplicates=1 failed=0
2026-05-15 01:19:34,486 INFO news_platform.pipeline - Fetched source=ltn:society items=20
2026-05-15 01:19:34,513 INFO news_platform.pipeline - Fetched source=newtalk:society items=20
2026-05-15 01:19:34,549 INFO news_platform.pipeline - Fetched source=ltn:politics items=20
2026-05-15 01:19:34,572 INFO news_platform.pipeline - Fetched source=storm:society items=1
2026-05-15 01:19:34,622 INFO news_platform.pipeline - Fetched source=ebc:society items=20
2026-05-15 01:19:34,640 INFO news_platform.pipeline - Fetched source=pts:society items=15
2026-05-15 01:19:34,669 INFO news_platform.pipeline - Fetched source=ettoday:politics items=20
2026-05-15 01:19:34,722 INFO news_platform.pipeline - Fetched source=tvbs:politics items=20
2026-05-15 01:19:34,745 INFO news_platform.pipeline - Fetched source=ettoday:society items=20
2026-05-15 01:19:34,746 INFO news_platform.pipeline - Fetched source=tvbs:society items=20
2026-05-15 01:19:34,751 INFO news_platform.pipeline - Fetched source=ebc:politics items=16
2026-05-15 01:19:34,807 INFO news_platform.pipeline - Fetched source=newtalk:politics items=20
2026-05-15 01:19:34,833 WARNING news_platform.sources.rss_feed - RSS empty source=storm:politics url=https://www.storm.mg/api/getRss/channel_id/7?path=https%3A%2F%2Fwww.storm.mg%2Farticle
2026-05-15 01:19:34,833 WARNING news_platform.pipeline - Fetched source=storm:politics items=0 (verify feed is alive)
2026-05-15 01:19:34,862 INFO news_platform.pipeline - Fetched source=pts:politics items=15
2026-05-15 01:19:34,924 INFO news_platform.pipeline - Fetched source=cna:politics items=20
2026-05-15 01:19:35,020 INFO news_platform.pipeline - Fetched source=ctee:society items=20
2026-05-15 01:19:35,081 INFO news_platform.pipeline - Fetched source=ctee:politics items=18
2026-05-15 01:19:35,669 INFO news_platform.pipeline - Fetched source=cna:society items=20
2026-05-15 01:19:35,864 INFO news_platform - Cycle complete fetched=305 stored=0 duplicates=305 failed=0
2026-05-15 01:19:36,491 INFO news_platform - Public-record link pass scanned_articles=200 candidate_records=333 matched=1 linked=0 duplicates=1 failed=0
2026-05-15 01:34:36,519 INFO news_platform.pipeline - Fetched source=ltn:society items=20
2026-05-15 01:34:36,590 INFO news_platform.pipeline - Fetched source=newtalk:society items=20
2026-05-15 01:34:36,620 INFO news_platform.pipeline - Fetched source=storm:society items=1
2026-05-15 01:34:36,627 INFO news_platform.pipeline - Fetched source=ltn:politics items=20
2026-05-15 01:34:36,724 INFO news_platform.pipeline - Fetched source=pts:society items=15
2026-05-15 01:34:36,742 INFO news_platform.pipeline - Fetched source=ettoday:politics items=20
2026-05-15 01:34:36,812 INFO news_platform.pipeline - Fetched source=ebc:society items=20
2026-05-15 01:34:36,815 INFO news_platform.pipeline - Fetched source=ettoday:society items=20
2026-05-15 01:34:36,883 INFO news_platform.pipeline - Fetched source=tvbs:society items=20
2026-05-15 01:34:36,889 INFO news_platform.pipeline - Fetched source=tvbs:politics items=20
2026-05-15 01:34:36,902 INFO news_platform.pipeline - Fetched source=ebc:politics items=16
2026-05-15 01:34:36,931 INFO news_platform.pipeline - Fetched source=newtalk:politics items=20
2026-05-15 01:34:36,944 INFO news_platform.pipeline - Fetched source=pts:politics items=15
2026-05-15 01:34:36,964 INFO news_platform.pipeline - Fetched source=ctee:society items=20
2026-05-15 01:34:36,993 WARNING news_platform.sources.rss_feed - RSS empty source=storm:politics url=https://www.storm.mg/api/getRss/channel_id/7?path=https%3A%2F%2Fwww.storm.mg%2Farticle
2026-05-15 01:34:36,994 WARNING news_platform.pipeline - Fetched source=storm:politics items=0 (verify feed is alive)
2026-05-15 01:34:37,252 INFO news_platform.pipeline - Fetched source=ctee:politics items=18
2026-05-15 01:34:37,613 INFO news_platform.pipeline - Fetched source=cna:society items=20
2026-05-15 01:34:37,847 INFO news_platform.pipeline - Fetched source=cna:politics items=20
2026-05-15 01:34:38,041 INFO news_platform - Cycle complete fetched=305 stored=0 duplicates=305 failed=0
2026-05-15 01:34:38,673 INFO news_platform - Public-record link pass scanned_articles=200 candidate_records=333 matched=1 linked=0 duplicates=1 failed=0
2026-05-15 01:49:38,723 INFO news_platform.pipeline - Fetched source=ltn:society items=20
2026-05-15 01:49:38,910 INFO news_platform.pipeline - Fetched source=storm:society items=1
2026-05-15 01:49:38,917 INFO news_platform.pipeline - Fetched source=newtalk:society items=20
2026-05-15 01:49:38,929 INFO news_platform.pipeline - Fetched source=ltn:politics items=20
2026-05-15 01:49:38,950 INFO news_platform.pipeline - Fetched source=ebc:society items=20
2026-05-15 01:49:38,960 INFO news_platform.pipeline - Fetched source=cna:society items=20
2026-05-15 01:49:38,989 INFO news_platform.pipeline - Fetched source=pts:society items=15
2026-05-15 01:49:39,027 INFO news_platform.pipeline - Fetched source=tvbs:politics items=20
2026-05-15 01:49:39,035 INFO news_platform.pipeline - Fetched source=tvbs:society items=20
2026-05-15 01:49:39,035 INFO news_platform.pipeline - Fetched source=ettoday:society items=20
2026-05-15 01:49:39,051 INFO news_platform.pipeline - Fetched source=ettoday:politics items=20
2026-05-15 01:49:39,127 INFO news_platform.pipeline - Fetched source=newtalk:politics items=20
2026-05-15 01:49:39,140 INFO news_platform.pipeline - Fetched source=ctee:society items=20
2026-05-15 01:49:39,144 INFO news_platform.pipeline - Fetched source=ebc:politics items=16
2026-05-15 01:49:39,193 WARNING news_platform.sources.rss_feed - RSS empty source=storm:politics url=https://www.storm.mg/api/getRss/channel_id/7?path=https%3A%2F%2Fwww.storm.mg%2Farticle
2026-05-15 01:49:39,193 WARNING news_platform.pipeline - Fetched source=storm:politics items=0 (verify feed is alive)
2026-05-15 01:49:39,209 INFO news_platform.pipeline - Fetched source=pts:politics items=15
2026-05-15 01:49:39,265 INFO news_platform.pipeline - Fetched source=cna:politics items=20
2026-05-15 01:49:39,398 INFO news_platform.pipeline - Fetched source=ctee:politics items=18
2026-05-15 01:49:39,601 INFO news_platform - Cycle complete fetched=305 stored=0 duplicates=305 failed=0
2026-05-15 01:49:40,242 INFO news_platform - Public-record link pass scanned_articles=200 candidate_records=333 matched=1 linked=0 duplicates=1 failed=0
2026-05-15 02:04:40,266 INFO news_platform.pipeline - Fetched source=ltn:society items=20
2026-05-15 02:04:40,351 INFO news_platform.pipeline - Fetched source=newtalk:society items=20
2026-05-15 02:04:40,381 INFO news_platform.pipeline - Fetched source=ltn:politics items=20
2026-05-15 02:04:40,389 INFO news_platform.pipeline - Fetched source=storm:society items=1
2026-05-15 02:04:40,443 INFO news_platform.pipeline - Fetched source=pts:society items=15
2026-05-15 02:04:40,493 INFO news_platform.pipeline - Fetched source=ebc:society items=20
2026-05-15 02:04:40,551 INFO news_platform.pipeline - Fetched source=tvbs:society items=20
2026-05-15 02:04:40,565 INFO news_platform.pipeline - Fetched source=ettoday:politics items=20
2026-05-15 02:04:40,570 INFO news_platform.pipeline - Fetched source=tvbs:politics items=20
2026-05-15 02:04:40,642 INFO news_platform.pipeline - Fetched source=ctee:society items=20
2026-05-15 02:04:40,645 INFO news_platform.pipeline - Fetched source=ebc:politics items=16
2026-05-15 02:04:40,651 INFO news_platform.pipeline - Fetched source=newtalk:politics items=20
2026-05-15 02:04:40,711 WARNING news_platform.sources.rss_feed - RSS empty source=storm:politics url=https://www.storm.mg/api/getRss/channel_id/7?path=https%3A%2F%2Fwww.storm.mg%2Farticle
2026-05-15 02:04:40,711 WARNING news_platform.pipeline - Fetched source=storm:politics items=0 (verify feed is alive)
2026-05-15 02:04:40,736 INFO news_platform.pipeline - Fetched source=cna:politics items=20
2026-05-15 02:04:40,761 INFO news_platform.pipeline - Fetched source=pts:politics items=15
2026-05-15 02:04:41,055 INFO news_platform.pipeline - Fetched source=ctee:politics items=18
2026-05-15 02:04:41,374 INFO news_platform.pipeline - Fetched source=cna:society items=20
2026-05-15 02:04:41,420 INFO news_platform.pipeline - Fetched source=ettoday:society items=20
2026-05-15 02:04:41,639 INFO news_platform - Cycle complete fetched=305 stored=0 duplicates=305 failed=0
2026-05-15 02:04:42,274 INFO news_platform - Public-record link pass scanned_articles=200 candidate_records=333 matched=1 linked=0 duplicates=1 failed=0
2026-05-15 02:19:42,328 INFO news_platform.pipeline - Fetched source=ltn:society items=20
2026-05-15 02:19:42,387 INFO news_platform.pipeline - Fetched source=newtalk:society items=20
2026-05-15 02:19:42,407 INFO news_platform.pipeline - Fetched source=storm:society items=1
2026-05-15 02:19:42,416 INFO news_platform.pipeline - Fetched source=ltn:politics items=20
2026-05-15 02:19:42,487 INFO news_platform.pipeline - Fetched source=pts:society items=15
2026-05-15 02:19:42,520 INFO news_platform.pipeline - Fetched source=ettoday:politics items=20
2026-05-15 02:19:42,526 INFO news_platform.pipeline - Fetched source=ebc:society items=20
2026-05-15 02:19:42,569 INFO news_platform.pipeline - Fetched source=tvbs:society items=20
2026-05-15 02:19:42,574 INFO news_platform.pipeline - Fetched source=tvbs:politics items=20
2026-05-15 02:19:42,588 INFO news_platform.pipeline - Fetched source=cna:society items=20
2026-05-15 02:19:42,614 INFO news_platform.pipeline - Fetched source=ettoday:society items=20
2026-05-15 02:19:42,653 INFO news_platform.pipeline - Fetched source=newtalk:politics items=20
2026-05-15 02:19:42,657 INFO news_platform.pipeline - Fetched source=ebc:politics items=16
2026-05-15 02:19:42,738 WARNING news_platform.sources.rss_feed - RSS empty source=storm:politics url=https://www.storm.mg/api/getRss/channel_id/7?path=https%3A%2F%2Fwww.storm.mg%2Farticle
2026-05-15 02:19:42,739 WARNING news_platform.pipeline - Fetched source=storm:politics items=0 (verify feed is alive)
2026-05-15 02:19:42,796 INFO news_platform.pipeline - Fetched source=ctee:society items=20
2026-05-15 02:19:42,813 INFO news_platform.pipeline - Fetched source=pts:politics items=15
2026-05-15 02:19:42,941 INFO news_platform.pipeline - Fetched source=ctee:politics items=18
2026-05-15 02:19:43,682 INFO news_platform.pipeline - Fetched source=cna:politics items=20
2026-05-15 02:19:43,881 INFO news_platform - Cycle complete fetched=305 stored=0 duplicates=305 failed=0
2026-05-15 02:19:44,552 INFO news_platform - Public-record link pass scanned_articles=200 candidate_records=333 matched=1 linked=0 duplicates=1 failed=0
2026-05-15 02:34:44,627 INFO news_platform.pipeline - Fetched source=ltn:society items=20
2026-05-15 02:34:44,677 INFO news_platform.pipeline - Fetched source=newtalk:society items=20
2026-05-15 02:34:44,711 INFO news_platform.pipeline - Fetched source=ltn:politics items=20
2026-05-15 02:34:44,755 INFO news_platform.pipeline - Fetched source=storm:society items=1
2026-05-15 02:34:44,791 INFO news_platform.pipeline - Fetched source=pts:society items=15
2026-05-15 02:34:44,851 INFO news_platform.pipeline - Fetched source=ebc:society items=20
2026-05-15 02:34:44,868 INFO news_platform.pipeline - Fetched source=tvbs:politics items=20
2026-05-15 02:34:44,887 INFO news_platform.pipeline - Fetched source=tvbs:society items=20
2026-05-15 02:34:44,887 INFO news_platform.pipeline - Fetched source=ettoday:politics items=20
2026-05-15 02:34:44,951 INFO news_platform.pipeline - Fetched source=ebc:politics items=16
2026-05-15 02:34:44,987 INFO news_platform.pipeline - Fetched source=newtalk:politics items=20
2026-05-15 02:34:45,015 WARNING news_platform.sources.rss_feed - RSS empty source=storm:politics url=https://www.storm.mg/api/getRss/channel_id/7?path=https%3A%2F%2Fwww.storm.mg%2Farticle
2026-05-15 02:34:45,015 WARNING news_platform.pipeline - Fetched source=storm:politics items=0 (verify feed is alive)
2026-05-15 02:34:45,027 INFO news_platform.pipeline - Fetched source=ctee:society items=20
2026-05-15 02:34:45,064 INFO news_platform.pipeline - Fetched source=pts:politics items=15
2026-05-15 02:34:45,129 INFO news_platform.pipeline - Fetched source=cna:politics items=20
2026-05-15 02:34:45,391 INFO news_platform.pipeline - Fetched source=ctee:politics items=18
2026-05-15 02:34:45,714 INFO news_platform.pipeline - Fetched source=cna:society items=20
2026-05-15 02:34:45,751 INFO news_platform.pipeline - Fetched source=ettoday:society items=20
2026-05-15 02:34:45,971 INFO news_platform - Cycle complete fetched=305 stored=0 duplicates=305 failed=0
2026-05-15 02:34:46,597 INFO news_platform - Public-record link pass scanned_articles=200 candidate_records=333 matched=1 linked=0 duplicates=1 failed=0
2026-05-15 02:49:46,747 INFO news_platform.pipeline - Fetched source=storm:society items=1
2026-05-15 02:49:46,842 INFO news_platform.pipeline - Fetched source=ltn:society items=20
2026-05-15 02:49:46,851 INFO news_platform.pipeline - Fetched source=ebc:society items=20
2026-05-15 02:49:46,857 INFO news_platform.pipeline - Fetched source=tvbs:society items=20
2026-05-15 02:49:46,866 INFO news_platform.pipeline - Fetched source=ltn:politics items=20
2026-05-15 02:49:46,902 INFO news_platform.pipeline - Fetched source=pts:society items=15
2026-05-15 02:49:46,922 INFO news_platform.pipeline - Fetched source=tvbs:politics items=20
2026-05-15 02:49:46,933 INFO news_platform.pipeline - Fetched source=newtalk:society items=20
2026-05-15 02:49:46,939 INFO news_platform.pipeline - Fetched source=ettoday:society items=20
2026-05-15 02:49:47,021 INFO news_platform.pipeline - Fetched source=newtalk:politics items=20
2026-05-15 02:49:47,025 INFO news_platform.pipeline - Fetched source=ebc:politics items=16
2026-05-15 02:49:47,038 INFO news_platform.pipeline - Fetched source=ettoday:politics items=20
2026-05-15 02:49:47,118 INFO news_platform.pipeline - Fetched source=pts:politics items=15
2026-05-15 02:49:47,118 WARNING news_platform.sources.rss_feed - RSS empty source=storm:politics url=https://www.storm.mg/api/getRss/channel_id/7?path=https%3A%2F%2Fwww.storm.mg%2Farticle
2026-05-15 02:49:47,118 WARNING news_platform.pipeline - Fetched source=storm:politics items=0 (verify feed is alive)
2026-05-15 02:49:47,299 INFO news_platform.pipeline - Fetched source=ctee:society items=20
2026-05-15 02:49:47,334 INFO news_platform.pipeline - Fetched source=ctee:politics items=18
2026-05-15 02:49:47,698 INFO news_platform.pipeline - Fetched source=cna:society items=20
2026-05-15 02:49:48,005 INFO news_platform.pipeline - Fetched source=cna:politics items=20
2026-05-15 02:49:48,202 INFO news_platform - Cycle complete fetched=305 stored=0 duplicates=305 failed=0
2026-05-15 02:49:48,835 INFO news_platform - Public-record link pass scanned_articles=200 candidate_records=333 matched=1 linked=0 duplicates=1 failed=0
2026-05-15 03:04:48,947 INFO news_platform.pipeline - Fetched source=newtalk:society items=20
2026-05-15 03:04:48,960 INFO news_platform.pipeline - Fetched source=ltn:society items=20
2026-05-15 03:04:48,988 INFO news_platform.pipeline - Fetched source=ltn:politics items=20
2026-05-15 03:04:49,085 INFO news_platform.pipeline - Fetched source=pts:society items=15
2026-05-15 03:04:49,086 INFO news_platform.pipeline - Fetched source=storm:society items=1
2026-05-15 03:04:49,109 INFO news_platform.pipeline - Fetched source=ettoday:politics items=20
2026-05-15 03:04:49,115 INFO news_platform.pipeline - Fetched source=ebc:society items=20
2026-05-15 03:04:49,152 INFO news_platform.pipeline - Fetched source=tvbs:society items=20
2026-05-15 03:04:49,158 INFO news_platform.pipeline - Fetched source=tvbs:politics items=20
2026-05-15 03:04:49,233 INFO news_platform.pipeline - Fetched source=newtalk:politics items=20
2026-05-15 03:04:49,236 INFO news_platform.pipeline - Fetched source=ebc:politics items=16
2026-05-15 03:04:49,254 WARNING news_platform.sources.rss_feed - RSS empty source=storm:politics url=https://www.storm.mg/api/getRss/channel_id/7?path=https%3A%2F%2Fwww.storm.mg%2Farticle
2026-05-15 03:04:49,255 WARNING news_platform.pipeline - Fetched source=storm:politics items=0 (verify feed is alive)
2026-05-15 03:04:49,312 INFO news_platform.pipeline - Fetched source=pts:politics items=15
2026-05-15 03:04:49,502 INFO news_platform.pipeline - Fetched source=ctee:society items=20
2026-05-15 03:04:49,632 INFO news_platform.pipeline - Fetched source=ctee:politics items=18
2026-05-15 03:04:49,967 INFO news_platform.pipeline - Fetched source=cna:society items=20
2026-05-15 03:04:50,007 INFO news_platform.pipeline - Fetched source=ettoday:society items=20
2026-05-15 03:04:50,220 INFO news_platform.pipeline - Fetched source=cna:politics items=20
2026-05-15 03:04:50,415 INFO news_platform - Cycle complete fetched=305 stored=0 duplicates=305 failed=0
2026-05-15 03:04:51,041 INFO news_platform - Public-record link pass scanned_articles=200 candidate_records=333 matched=1 linked=0 duplicates=1 failed=0
2026-05-15 03:19:51,090 INFO news_platform.pipeline - Fetched source=ltn:society items=20
2026-05-15 03:19:51,139 INFO news_platform.pipeline - Fetched source=tvbs:society items=20
2026-05-15 03:19:51,149 INFO news_platform.pipeline - Fetched source=newtalk:society items=20
2026-05-15 03:19:51,258 INFO news_platform.pipeline - Fetched source=pts:society items=15
2026-05-15 03:19:51,259 INFO news_platform.pipeline - Fetched source=storm:society items=1
2026-05-15 03:19:51,273 INFO news_platform.pipeline - Fetched source=ltn:politics items=20
2026-05-15 03:19:51,278 INFO news_platform.pipeline - Fetched source=ettoday:politics items=20
2026-05-15 03:19:51,299 INFO news_platform.pipeline - Fetched source=ebc:society items=20
2026-05-15 03:19:51,305 INFO news_platform.pipeline - Fetched source=tvbs:politics items=20
2026-05-15 03:19:51,340 INFO news_platform.pipeline - Fetched source=cna:society items=20
2026-05-15 03:19:51,370 INFO news_platform.pipeline - Fetched source=newtalk:politics items=20
2026-05-15 03:19:51,416 INFO news_platform.pipeline - Fetched source=ebc:politics items=16
2026-05-15 03:19:51,431 WARNING news_platform.sources.rss_feed - RSS empty source=storm:politics url=https://www.storm.mg/api/getRss/channel_id/7?path=https%3A%2F%2Fwww.storm.mg%2Farticle
2026-05-15 03:19:51,432 WARNING news_platform.pipeline - Fetched source=storm:politics items=0 (verify feed is alive)
2026-05-15 03:19:51,490 INFO news_platform.pipeline - Fetched source=pts:politics items=15
2026-05-15 03:19:51,547 INFO news_platform.pipeline - Fetched source=cna:politics items=20
2026-05-15 03:19:51,556 INFO news_platform.pipeline - Fetched source=ctee:society items=20
2026-05-15 03:19:51,752 INFO news_platform.pipeline - Fetched source=ctee:politics items=18
2026-05-15 03:19:52,213 INFO news_platform.pipeline - Fetched source=ettoday:society items=20
2026-05-15 03:19:52,411 INFO news_platform - Cycle complete fetched=305 stored=2 duplicates=303 failed=0
2026-05-15 03:19:52,464 INFO news_platform - Keyword pass scanned=2 updated=2 failed=0
2026-05-15 03:19:52,474 INFO news_platform - Topic pass scanned=2 updated=2 failed=0
2026-05-15 03:19:53,099 INFO news_platform - Public-record link pass scanned_articles=200 candidate_records=333 matched=1 linked=0 duplicates=1 failed=0
2026-05-15 03:34:53,150 INFO news_platform.pipeline - Fetched source=ltn:society items=20
2026-05-15 03:34:53,221 INFO news_platform.pipeline - Fetched source=newtalk:society items=20
2026-05-15 03:34:53,255 INFO news_platform.pipeline - Fetched source=ltn:politics items=20
2026-05-15 03:34:53,312 INFO news_platform.pipeline - Fetched source=storm:society items=1
2026-05-15 03:34:53,367 INFO news_platform.pipeline - Fetched source=ebc:society items=20
2026-05-15 03:34:53,374 INFO news_platform.pipeline - Fetched source=tvbs:society items=20
2026-05-15 03:34:53,386 INFO news_platform.pipeline - Fetched source=pts:society items=15
2026-05-15 03:34:53,404 INFO news_platform.pipeline - Fetched source=tvbs:politics items=20
2026-05-15 03:34:53,418 INFO news_platform.pipeline - Fetched source=ettoday:politics items=20
2026-05-15 03:34:53,419 INFO news_platform.pipeline - Fetched source=cna:society items=20
2026-05-15 03:34:53,488 INFO news_platform.pipeline - Fetched source=ebc:politics items=16
2026-05-15 03:34:53,558 INFO news_platform.pipeline - Fetched source=ctee:society items=20
2026-05-15 03:34:53,565 INFO news_platform.pipeline - Fetched source=newtalk:politics items=20
2026-05-15 03:34:53,590 INFO news_platform.pipeline - Fetched source=pts:politics items=15
2026-05-15 03:34:53,605 WARNING news_platform.sources.rss_feed - RSS empty source=storm:politics url=https://www.storm.mg/api/getRss/channel_id/7?path=https%3A%2F%2Fwww.storm.mg%2Farticle
2026-05-15 03:34:53,605 WARNING news_platform.pipeline - Fetched source=storm:politics items=0 (verify feed is alive)
2026-05-15 03:34:53,765 INFO news_platform.pipeline - Fetched source=ctee:politics items=10
2026-05-15 03:34:54,270 INFO news_platform.pipeline - Fetched source=ettoday:society items=20
2026-05-15 03:34:54,499 INFO news_platform.pipeline - Fetched source=cna:politics items=20
2026-05-15 03:34:54,700 INFO news_platform - Cycle complete fetched=297 stored=1 duplicates=296 failed=0
2026-05-15 03:34:54,739 INFO news_platform - Keyword pass scanned=1 updated=1 failed=0
2026-05-15 03:34:54,748 INFO news_platform - Topic pass scanned=1 updated=1 failed=0
2026-05-15 03:34:55,380 INFO news_platform - Public-record link pass scanned_articles=200 candidate_records=333 matched=1 linked=0 duplicates=1 failed=0
2026-05-15 03:49:55,426 INFO news_platform.pipeline - Fetched source=ltn:society items=20
2026-05-15 03:49:55,578 INFO news_platform.pipeline - Fetched source=pts:society items=15
2026-05-15 03:49:55,622 INFO news_platform.pipeline - Fetched source=ltn:politics items=20
2026-05-15 03:49:55,640 INFO news_platform.pipeline - Fetched source=ebc:society items=20
2026-05-15 03:49:55,657 INFO news_platform.pipeline - Fetched source=storm:society items=1
2026-05-15 03:49:55,694 INFO news_platform.pipeline - Fetched source=newtalk:society items=20
2026-05-15 03:49:55,734 INFO news_platform.pipeline - Fetched source=ettoday:politics items=20
2026-05-15 03:49:55,777 INFO news_platform.pipeline - Fetched source=ctee:society items=20
2026-05-15 03:49:55,789 INFO news_platform.pipeline - Fetched source=tvbs:politics items=20
2026-05-15 03:49:55,790 INFO news_platform.pipeline - Fetched source=tvbs:society items=20
2026-05-15 03:49:55,860 INFO news_platform.pipeline - Fetched source=ebc:politics items=16
2026-05-15 03:49:55,907 INFO news_platform.pipeline - Fetched source=pts:politics items=15
2026-05-15 03:49:55,939 INFO news_platform.pipeline - Fetched source=cna:politics items=20
2026-05-15 03:49:55,966 WARNING news_platform.sources.rss_feed - RSS empty source=storm:politics url=https://www.storm.mg/api/getRss/channel_id/7?path=https%3A%2F%2Fwww.storm.mg%2Farticle
2026-05-15 03:49:55,967 WARNING news_platform.pipeline - Fetched source=storm:politics items=0 (verify feed is alive)
2026-05-15 03:49:56,216 INFO news_platform.pipeline - Fetched source=newtalk:politics items=20
2026-05-15 03:49:56,234 INFO news_platform.pipeline - Fetched source=ctee:politics items=10
2026-05-15 03:49:56,483 INFO news_platform.pipeline - Fetched source=cna:society items=20
2026-05-15 03:49:56,562 INFO news_platform.pipeline - Fetched source=ettoday:society items=20
2026-05-15 03:49:56,755 INFO news_platform - Cycle complete fetched=297 stored=0 duplicates=297 failed=0
2026-05-15 03:49:57,382 INFO news_platform - Public-record link pass scanned_articles=200 candidate_records=333 matched=1 linked=0 duplicates=1 failed=0
2026-05-15 04:04:57,422 INFO news_platform.pipeline - Fetched source=ltn:society items=20
2026-05-15 04:04:57,490 INFO news_platform.pipeline - Fetched source=newtalk:society items=20
2026-05-15 04:04:57,528 INFO news_platform.pipeline - Fetched source=ltn:politics items=20
2026-05-15 04:04:57,574 INFO news_platform.pipeline - Fetched source=pts:society items=15
2026-05-15 04:04:57,575 INFO news_platform.pipeline - Fetched source=storm:society items=1
2026-05-15 04:04:57,593 INFO news_platform.pipeline - Fetched source=ebc:society items=20
2026-05-15 04:04:57,656 INFO news_platform.pipeline - Fetched source=tvbs:politics items=20
2026-05-15 04:04:57,658 INFO news_platform.pipeline - Fetched source=tvbs:society items=20
2026-05-15 04:04:57,658 INFO news_platform.pipeline - Fetched source=cna:society items=20
2026-05-15 04:04:57,674 INFO news_platform.pipeline - Fetched source=ettoday:politics items=20
2026-05-15 04:04:57,687 INFO news_platform.pipeline - Fetched source=ettoday:society items=20
2026-05-15 04:04:57,731 INFO news_platform.pipeline - Fetched source=newtalk:politics items=20
2026-05-15 04:04:57,762 INFO news_platform.pipeline - Fetched source=ebc:politics items=7
2026-05-15 04:04:57,797 INFO news_platform.pipeline - Fetched source=pts:politics items=15
2026-05-15 04:04:57,797 WARNING news_platform.sources.rss_feed - RSS empty source=storm:politics url=https://www.storm.mg/api/getRss/channel_id/7?path=https%3A%2F%2Fwww.storm.mg%2Farticle
2026-05-15 04:04:57,798 WARNING news_platform.pipeline - Fetched source=storm:politics items=0 (verify feed is alive)
2026-05-15 04:04:57,832 INFO news_platform.pipeline - Fetched source=ctee:society items=20
2026-05-15 04:04:58,120 INFO news_platform.pipeline - Fetched source=ctee:politics items=10
2026-05-15 04:04:58,699 INFO news_platform.pipeline - Fetched source=cna:politics items=20
2026-05-15 04:04:58,894 INFO news_platform - Cycle complete fetched=288 stored=0 duplicates=288 failed=0
2026-05-15 04:04:59,527 INFO news_platform - Public-record link pass scanned_articles=200 candidate_records=333 matched=1 linked=0 duplicates=1 failed=0
2026-05-15 04:19:59,612 INFO news_platform.pipeline - Fetched source=ltn:society items=20
2026-05-15 04:19:59,624 INFO news_platform.pipeline - Fetched source=newtalk:society items=20
2026-05-15 04:19:59,660 INFO news_platform.pipeline - Fetched source=ltn:politics items=20
2026-05-15 04:19:59,740 INFO news_platform.pipeline - Fetched source=storm:society items=1
2026-05-15 04:19:59,768 INFO news_platform.pipeline - Fetched source=ebc:society items=20
2026-05-15 04:19:59,783 INFO news_platform.pipeline - Fetched source=ettoday:politics items=20
2026-05-15 04:19:59,813 INFO news_platform.pipeline - Fetched source=pts:society items=15
2026-05-15 04:19:59,887 INFO news_platform.pipeline - Fetched source=ebc:politics items=7
2026-05-15 04:19:59,930 INFO news_platform.pipeline - Fetched source=tvbs:society items=20
2026-05-15 04:19:59,935 INFO news_platform.pipeline - Fetched source=tvbs:politics items=20
2026-05-15 04:19:59,986 INFO news_platform.pipeline - Fetched source=newtalk:politics items=20
2026-05-15 04:20:00,000 INFO news_platform.pipeline - Fetched source=pts:politics items=15
2026-05-15 04:20:00,009 INFO news_platform.pipeline - Fetched source=ctee:society items=20
2026-05-15 04:20:00,075 WARNING news_platform.sources.rss_feed - RSS empty source=storm:politics url=https://www.storm.mg/api/getRss/channel_id/7?path=https%3A%2F%2Fwww.storm.mg%2Farticle
2026-05-15 04:20:00,076 WARNING news_platform.pipeline - Fetched source=storm:politics items=0 (verify feed is alive)
2026-05-15 04:20:00,231 INFO news_platform.pipeline - Fetched source=ctee:politics items=10
2026-05-15 04:20:00,621 INFO news_platform.pipeline - Fetched source=cna:society items=20
2026-05-15 04:20:00,681 INFO news_platform.pipeline - Fetched source=ettoday:society items=20
2026-05-15 04:20:00,919 INFO news_platform.pipeline - Fetched source=cna:politics items=20
2026-05-15 04:20:01,134 INFO news_platform - Cycle complete fetched=288 stored=0 duplicates=288 failed=0
2026-05-15 04:20:01,768 INFO news_platform - Public-record link pass scanned_articles=200 candidate_records=333 matched=1 linked=0 duplicates=1 failed=0
2026-05-15 04:35:01,806 INFO news_platform.pipeline - Fetched source=ltn:society items=20
2026-05-15 04:35:01,925 INFO news_platform.pipeline - Fetched source=storm:society items=1
2026-05-15 04:35:01,961 INFO news_platform.pipeline - Fetched source=ltn:politics items=20
2026-05-15 04:35:01,983 INFO news_platform.pipeline - Fetched source=ebc:society items=20
2026-05-15 04:35:02,000 INFO news_platform.pipeline - Fetched source=pts:society items=15
2026-05-15 04:35:02,020 INFO news_platform.pipeline - Fetched source=newtalk:society items=20
2026-05-15 04:35:02,105 INFO news_platform.pipeline - Fetched source=ettoday:politics items=20
2026-05-15 04:35:02,130 INFO news_platform.pipeline - Fetched source=ctee:society items=20
2026-05-15 04:35:02,216 INFO news_platform.pipeline - Fetched source=ebc:politics items=7
2026-05-15 04:35:02,236 INFO news_platform.pipeline - Fetched source=newtalk:politics items=20
2026-05-15 04:35:02,244 INFO news_platform.pipeline - Fetched source=tvbs:society items=20
2026-05-15 04:35:02,249 INFO news_platform.pipeline - Fetched source=tvbs:politics items=20
2026-05-15 04:35:02,259 INFO news_platform.pipeline - Fetched source=pts:politics items=15
2026-05-15 04:35:02,297 INFO news_platform.pipeline - Fetched source=cna:politics items=20
2026-05-15 04:35:02,348 WARNING news_platform.sources.rss_feed - RSS empty source=storm:politics url=https://www.storm.mg/api/getRss/channel_id/7?path=https%3A%2F%2Fwww.storm.mg%2Farticle
2026-05-15 04:35:02,349 WARNING news_platform.pipeline - Fetched source=storm:politics items=0 (verify feed is alive)
2026-05-15 04:35:02,582 INFO news_platform.pipeline - Fetched source=ctee:politics items=10
2026-05-15 04:35:02,862 INFO news_platform.pipeline - Fetched source=cna:society items=20
2026-05-15 04:35:02,935 INFO news_platform.pipeline - Fetched source=ettoday:society items=20
2026-05-15 04:35:03,122 INFO news_platform - Cycle complete fetched=288 stored=0 duplicates=288 failed=0
2026-05-15 04:35:03,753 INFO news_platform - Public-record link pass scanned_articles=200 candidate_records=333 matched=1 linked=0 duplicates=1 failed=0
2026-05-15 04:50:03,845 INFO news_platform.pipeline - Fetched source=ltn:society items=20
2026-05-15 04:50:03,926 INFO news_platform.pipeline - Fetched source=storm:society items=1
2026-05-15 04:50:03,951 INFO news_platform.pipeline - Fetched source=ltn:politics items=20
2026-05-15 04:50:04,004 INFO news_platform.pipeline - Fetched source=ebc:society items=20
2026-05-15 04:50:04,027 INFO news_platform.pipeline - Fetched source=pts:society items=15
2026-05-15 04:50:04,059 INFO news_platform.pipeline - Fetched source=ettoday:politics items=20
2026-05-15 04:50:04,063 INFO news_platform.pipeline - Fetched source=cna:society items=20
2026-05-15 04:50:04,120 INFO news_platform.pipeline - Fetched source=newtalk:society items=20
2026-05-15 04:50:04,144 INFO news_platform.pipeline - Fetched source=ebc:politics items=7
2026-05-15 04:50:04,220 INFO news_platform.pipeline - Fetched source=tvbs:society items=20
2026-05-15 04:50:04,225 INFO news_platform.pipeline - Fetched source=tvbs:politics items=20
2026-05-15 04:50:04,232 INFO news_platform.pipeline - Fetched source=newtalk:politics items=20
2026-05-15 04:50:04,253 INFO news_platform.pipeline - Fetched source=pts:politics items=15
2026-05-15 04:50:04,273 WARNING news_platform.sources.rss_feed - RSS empty source=storm:politics url=https://www.storm.mg/api/getRss/channel_id/7?path=https%3A%2F%2Fwww.storm.mg%2Farticle
2026-05-15 04:50:04,274 WARNING news_platform.pipeline - Fetched source=storm:politics items=0 (verify feed is alive)
2026-05-15 04:50:04,309 INFO news_platform.pipeline - Fetched source=ctee:society items=20
2026-05-15 04:50:04,680 INFO news_platform.pipeline - Fetched source=ctee:politics items=10
2026-05-15 04:50:04,934 INFO news_platform.pipeline - Fetched source=ettoday:society items=20
2026-05-15 04:50:05,162 INFO news_platform.pipeline - Fetched source=cna:politics items=20
2026-05-15 04:50:05,346 INFO news_platform - Cycle complete fetched=288 stored=0 duplicates=288 failed=0
2026-05-15 04:50:05,976 INFO news_platform - Public-record link pass scanned_articles=200 candidate_records=333 matched=1 linked=0 duplicates=1 failed=0
2026-05-15 05:05:06,058 INFO news_platform.pipeline - Fetched source=ltn:society items=20
2026-05-15 05:05:06,087 INFO news_platform.pipeline - Fetched source=newtalk:society items=20
2026-05-15 05:05:06,119 INFO news_platform.pipeline - Fetched source=ltn:politics items=20
2026-05-15 05:05:06,179 INFO news_platform.pipeline - Fetched source=pts:society items=15
2026-05-15 05:05:06,185 INFO news_platform.pipeline - Fetched source=storm:society items=1
2026-05-15 05:05:06,215 INFO news_platform.pipeline - Fetched source=ebc:society items=20
2026-05-15 05:05:06,240 INFO news_platform.pipeline - Fetched source=ettoday:politics items=20
2026-05-15 05:05:06,348 INFO news_platform.pipeline - Fetched source=tvbs:politics items=20
2026-05-15 05:05:06,356 INFO news_platform.pipeline - Fetched source=tvbs:society items=20
2026-05-15 05:05:06,357 INFO news_platform.pipeline - Fetched source=ebc:politics items=7
2026-05-15 05:05:06,360 INFO news_platform.pipeline - Fetched source=ettoday:society items=20
2026-05-15 05:05:06,427 INFO news_platform.pipeline - Fetched source=newtalk:politics items=20
2026-05-15 05:05:06,441 INFO news_platform.pipeline - Fetched source=pts:politics items=15
2026-05-15 05:05:06,481 INFO news_platform.pipeline - Fetched source=ctee:society items=20
2026-05-15 05:05:06,614 WARNING news_platform.sources.rss_feed - RSS empty source=storm:politics url=https://www.storm.mg/api/getRss/channel_id/7?path=https%3A%2F%2Fwww.storm.mg%2Farticle
2026-05-15 05:05:06,615 WARNING news_platform.pipeline - Fetched source=storm:politics items=0 (verify feed is alive)
2026-05-15 05:05:06,728 INFO news_platform.pipeline - Fetched source=ctee:politics items=10
2026-05-15 05:05:07,132 INFO news_platform.pipeline - Fetched source=cna:society items=20
2026-05-15 05:05:07,321 INFO news_platform.pipeline - Fetched source=cna:politics items=20
2026-05-15 05:05:07,506 INFO news_platform - Cycle complete fetched=288 stored=0 duplicates=288 failed=0
2026-05-15 05:05:08,135 INFO news_platform - Public-record link pass scanned_articles=200 candidate_records=333 matched=1 linked=0 duplicates=1 failed=0
2026-05-15 05:20:08,158 INFO news_platform.pipeline - Fetched source=ltn:society items=20
2026-05-15 05:20:08,232 INFO news_platform.pipeline - Fetched source=newtalk:society items=20
2026-05-15 05:20:08,270 INFO news_platform.pipeline - Fetched source=ltn:politics items=20
2026-05-15 05:20:08,361 INFO news_platform.pipeline - Fetched source=storm:society items=2
2026-05-15 05:20:08,416 INFO news_platform.pipeline - Fetched source=ettoday:politics items=20
2026-05-15 05:20:08,417 INFO news_platform.pipeline - Fetched source=pts:society items=15
2026-05-15 05:20:08,420 INFO news_platform.pipeline - Fetched source=ebc:society items=20
2026-05-15 05:20:08,456 INFO news_platform.pipeline - Fetched source=tvbs:society items=20
2026-05-15 05:20:08,459 INFO news_platform.pipeline - Fetched source=ettoday:society items=20
2026-05-15 05:20:08,464 INFO news_platform.pipeline - Fetched source=tvbs:politics items=20
2026-05-15 05:20:08,532 INFO news_platform.pipeline - Fetched source=newtalk:politics items=20
2026-05-15 05:20:08,550 INFO news_platform.pipeline - Fetched source=ctee:society items=20
2026-05-15 05:20:08,553 INFO news_platform.pipeline - Fetched source=ebc:politics items=7
2026-05-15 05:20:08,656 INFO news_platform.pipeline - Fetched source=storm:politics items=1
2026-05-15 05:20:08,656 INFO news_platform.pipeline - Fetched source=pts:politics items=15
2026-05-15 05:20:08,839 INFO news_platform.pipeline - Fetched source=ctee:politics items=10
2026-05-15 05:20:09,236 INFO news_platform.pipeline - Fetched source=cna:society items=20
2026-05-15 05:20:09,559 INFO news_platform.pipeline - Fetched source=cna:politics items=20
2026-05-15 05:20:09,765 INFO news_platform - Cycle complete fetched=290 stored=2 duplicates=288 failed=0
2026-05-15 05:20:09,843 INFO news_platform - Keyword pass scanned=2 updated=2 failed=0
2026-05-15 05:20:09,855 INFO news_platform - Topic pass scanned=2 updated=2 failed=0
2026-05-15 05:20:10,487 INFO news_platform - Public-record link pass scanned_articles=200 candidate_records=333 matched=1 linked=0 duplicates=1 failed=0
2026-05-15 05:35:10,534 INFO news_platform.pipeline - Fetched source=ltn:society items=20
2026-05-15 05:35:10,586 INFO news_platform.pipeline - Fetched source=newtalk:society items=20
2026-05-15 05:35:10,622 INFO news_platform.pipeline - Fetched source=ltn:politics items=20
2026-05-15 05:35:10,727 INFO news_platform.pipeline - Fetched source=ebc:society items=20
2026-05-15 05:35:10,742 INFO news_platform.pipeline - Fetched source=tvbs:society items=20
2026-05-15 05:35:10,743 INFO news_platform.pipeline - Fetched source=storm:society items=4
2026-05-15 05:35:10,754 INFO news_platform.pipeline - Fetched source=pts:society items=15
2026-05-15 05:35:10,768 INFO news_platform.pipeline - Fetched source=ettoday:politics items=20
2026-05-15 05:35:10,790 INFO news_platform.pipeline - Fetched source=tvbs:politics items=20
2026-05-15 05:35:10,843 INFO news_platform.pipeline - Fetched source=ctee:society items=20
2026-05-15 05:35:10,862 INFO news_platform.pipeline - Fetched source=ebc:politics items=7
2026-05-15 05:35:10,869 INFO news_platform.pipeline - Fetched source=newtalk:politics items=20
2026-05-15 05:35:10,952 INFO news_platform.pipeline - Fetched source=pts:politics items=15
2026-05-15 05:35:10,990 INFO news_platform.pipeline - Fetched source=storm:politics items=5
2026-05-15 05:35:11,195 INFO news_platform.pipeline - Fetched source=ctee:politics items=10
2026-05-15 05:35:11,629 INFO news_platform.pipeline - Fetched source=cna:society items=20
2026-05-15 05:35:11,657 INFO news_platform.pipeline - Fetched source=ettoday:society items=20
2026-05-15 05:35:11,886 INFO news_platform.pipeline - Fetched source=cna:politics items=20
2026-05-15 05:35:12,104 INFO news_platform - Cycle complete fetched=296 stored=14 duplicates=282 failed=0
2026-05-15 05:35:12,293 INFO news_platform - Keyword pass scanned=14 updated=14 failed=0
2026-05-15 05:35:12,330 INFO news_platform - Topic pass scanned=14 updated=14 failed=0
2026-05-15 05:35:12,949 INFO news_platform - Public-record link pass scanned_articles=200 candidate_records=333 matched=1 linked=0 duplicates=1 failed=0
2026-05-15 05:50:12,992 INFO news_platform.pipeline - Fetched source=storm:society items=6
2026-05-15 05:50:13,022 INFO news_platform.pipeline - Fetched source=ltn:society items=20
2026-05-15 05:50:13,052 INFO news_platform.pipeline - Fetched source=ltn:politics items=20
2026-05-15 05:50:13,180 INFO news_platform.pipeline - Fetched source=ettoday:politics items=20
2026-05-15 05:50:13,203 INFO news_platform.pipeline - Fetched source=ebc:society items=20
2026-05-15 05:50:13,209 INFO news_platform.pipeline - Fetched source=tvbs:society items=20
2026-05-15 05:50:13,225 INFO news_platform.pipeline - Fetched source=pts:society items=15
2026-05-15 05:50:13,254 INFO news_platform.pipeline - Fetched source=tvbs:politics items=20
2026-05-15 05:50:13,309 INFO news_platform.pipeline - Fetched source=newtalk:society items=20
2026-05-15 05:50:13,317 INFO news_platform.pipeline - Fetched source=ebc:politics items=7
2026-05-15 05:50:13,336 INFO news_platform.pipeline - Fetched source=newtalk:politics items=20
2026-05-15 05:50:13,361 INFO news_platform.pipeline - Fetched source=ctee:society items=20
2026-05-15 05:50:13,437 INFO news_platform.pipeline - Fetched source=pts:politics items=15
2026-05-15 05:50:13,446 INFO news_platform.pipeline - Fetched source=storm:politics items=7
2026-05-15 05:50:13,615 INFO news_platform.pipeline - Fetched source=ctee:politics items=10
2026-05-15 05:50:14,089 INFO news_platform.pipeline - Fetched source=cna:society items=20
2026-05-15 05:50:14,160 INFO news_platform.pipeline - Fetched source=ettoday:society items=20
2026-05-15 05:50:14,352 INFO news_platform.pipeline - Fetched source=cna:politics items=20
2026-05-15 05:50:14,561 INFO news_platform - Cycle complete fetched=300 stored=21 duplicates=279 failed=0
2026-05-15 05:50:14,735 INFO news_platform - Keyword pass scanned=21 updated=21 failed=0
2026-05-15 05:50:14,774 INFO news_platform - Topic pass scanned=21 updated=21 failed=0
2026-05-15 05:50:15,450 INFO news_platform - Public-record link pass scanned_articles=200 candidate_records=333 matched=1 linked=0 duplicates=1 failed=0
2026-05-15 06:05:15,501 INFO news_platform.pipeline - Fetched source=ltn:society items=20
2026-05-15 06:05:15,516 INFO news_platform.pipeline - Fetched source=pts:society items=15
2026-05-15 06:05:15,551 INFO news_platform.pipeline - Fetched source=newtalk:society items=20
2026-05-15 06:05:15,560 INFO news_platform.pipeline - Fetched source=ltn:politics items=20
2026-05-15 06:05:15,649 INFO news_platform.pipeline - Fetched source=ettoday:politics items=20
2026-05-15 06:05:15,682 INFO news_platform.pipeline - Fetched source=ebc:society items=20
2026-05-15 06:05:15,760 INFO news_platform.pipeline - Fetched source=storm:society items=6
2026-05-15 06:05:15,790 INFO news_platform.pipeline - Fetched source=tvbs:politics items=20
2026-05-15 06:05:15,790 INFO news_platform.pipeline - Fetched source=tvbs:society items=20
2026-05-15 06:05:15,790 INFO news_platform.pipeline - Fetched source=pts:politics items=15
2026-05-15 06:05:15,793 INFO news_platform.pipeline - Fetched source=ettoday:society items=20
2026-05-15 06:05:15,859 INFO news_platform.pipeline - Fetched source=newtalk:politics items=20
2026-05-15 06:05:15,866 INFO news_platform.pipeline - Fetched source=ebc:politics items=7
2026-05-15 06:05:15,934 INFO news_platform.pipeline - Fetched source=cna:politics items=20
2026-05-15 06:05:15,935 INFO news_platform.pipeline - Fetched source=storm:politics items=7
2026-05-15 06:05:15,965 INFO news_platform.pipeline - Fetched source=ctee:society items=20
2026-05-15 06:05:16,115 INFO news_platform.pipeline - Fetched source=ctee:politics items=10
2026-05-15 06:05:16,574 INFO news_platform.pipeline - Fetched source=cna:society items=20
2026-05-15 06:05:16,775 INFO news_platform - Cycle complete fetched=300 stored=2 duplicates=298 failed=0
2026-05-15 06:05:16,825 INFO news_platform - Keyword pass scanned=2 updated=2 failed=0
2026-05-15 06:05:16,836 INFO news_platform - Topic pass scanned=2 updated=2 failed=0
2026-05-15 06:05:17,518 INFO news_platform - Public-record link pass scanned_articles=200 candidate_records=333 matched=1 linked=0 duplicates=1 failed=0
2026-05-15 06:20:17,563 INFO news_platform.pipeline - Fetched source=ltn:society items=20
2026-05-15 06:20:17,625 INFO news_platform.pipeline - Fetched source=newtalk:society items=20
2026-05-15 06:20:17,665 INFO news_platform.pipeline - Fetched source=ltn:politics items=20
2026-05-15 06:20:17,680 INFO news_platform.pipeline - Fetched source=storm:society items=7
2026-05-15 06:20:17,686 INFO news_platform.pipeline - Fetched source=tvbs:society items=20
2026-05-15 06:20:17,724 INFO news_platform.pipeline - Fetched source=tvbs:politics items=20
2026-05-15 06:20:17,777 INFO news_platform.pipeline - Fetched source=ettoday:politics items=20
2026-05-15 06:20:17,786 INFO news_platform.pipeline - Fetched source=ebc:society items=20
2026-05-15 06:20:17,859 INFO news_platform.pipeline - Fetched source=pts:society items=15
2026-05-15 06:20:17,861 INFO news_platform.pipeline - Fetched source=ebc:politics items=7
2026-05-15 06:20:17,893 INFO news_platform.pipeline - Fetched source=newtalk:politics items=20
2026-05-15 06:20:18,012 INFO news_platform.pipeline - Fetched source=pts:politics items=15
2026-05-15 06:20:18,032 INFO news_platform.pipeline - Fetched source=storm:politics items=9
2026-05-15 06:20:18,071 INFO news_platform.pipeline - Fetched source=ctee:society items=20
2026-05-15 06:20:18,227 INFO news_platform.pipeline - Fetched source=ctee:politics items=10
2026-05-15 06:20:18,645 INFO news_platform.pipeline - Fetched source=cna:society items=20
2026-05-15 06:20:18,684 INFO news_platform.pipeline - Fetched source=ettoday:society items=20
2026-05-15 06:20:18,813 INFO news_platform.pipeline - Fetched source=cna:politics items=20
2026-05-15 06:20:19,021 INFO news_platform - Cycle complete fetched=303 stored=3 duplicates=300 failed=0
2026-05-15 06:20:19,060 INFO news_platform - Keyword pass scanned=3 updated=3 failed=0
2026-05-15 06:20:19,073 INFO news_platform - Topic pass scanned=3 updated=3 failed=0
2026-05-15 06:20:19,762 INFO news_platform - Public-record link pass scanned_articles=200 candidate_records=333 matched=1 linked=0 duplicates=1 failed=0
2026-05-15 06:35:19,943 INFO news_platform.pipeline - Fetched source=ltn:society items=20
2026-05-15 06:35:19,983 INFO news_platform.pipeline - Fetched source=newtalk:society items=20
2026-05-15 06:35:20,009 INFO news_platform.pipeline - Fetched source=ltn:politics items=20
2026-05-15 06:35:20,130 INFO news_platform.pipeline - Fetched source=storm:society items=8
2026-05-15 06:35:20,139 INFO news_platform.pipeline - Fetched source=ebc:society items=20
2026-05-15 06:35:20,157 INFO news_platform.pipeline - Fetched source=ettoday:politics items=20
2026-05-15 06:35:20,171 INFO news_platform.pipeline - Fetched source=pts:society items=15
2026-05-15 06:35:20,182 INFO news_platform.pipeline - Fetched source=cna:society items=20
2026-05-15 06:35:20,209 INFO news_platform.pipeline - Fetched source=ettoday:society items=20
2026-05-15 06:35:20,268 INFO news_platform.pipeline - Fetched source=tvbs:society items=20
2026-05-15 06:35:20,272 INFO news_platform.pipeline - Fetched source=ebc:politics items=7
2026-05-15 06:35:20,278 INFO news_platform.pipeline - Fetched source=tvbs:politics items=20
2026-05-15 06:35:20,291 INFO news_platform.pipeline - Fetched source=newtalk:politics items=20
2026-05-15 06:35:20,420 INFO news_platform.pipeline - Fetched source=cna:politics items=20
2026-05-15 06:35:20,449 INFO news_platform.pipeline - Fetched source=storm:politics items=10
2026-05-15 06:35:20,471 INFO news_platform.pipeline - Fetched source=ctee:society items=20
2026-05-15 06:35:20,483 INFO news_platform.pipeline - Fetched source=pts:politics items=15
2026-05-15 06:35:20,626 INFO news_platform.pipeline - Fetched source=ctee:politics items=12
2026-05-15 06:35:20,910 INFO news_platform - Cycle complete fetched=307 stored=6 duplicates=301 failed=0
2026-05-15 06:35:21,029 INFO news_platform - Keyword pass scanned=6 updated=6 failed=0
2026-05-15 06:35:21,050 INFO news_platform - Topic pass scanned=6 updated=6 failed=0
2026-05-15 06:35:21,779 INFO news_platform - Public-record link pass scanned_articles=200 candidate_records=333 matched=1 linked=0 duplicates=1 failed=0
2026-05-15 06:50:21,822 INFO news_platform.pipeline - Fetched source=ltn:society items=20
2026-05-15 06:50:21,823 INFO news_platform.pipeline - Fetched source=storm:society items=9
2026-05-15 06:50:21,859 INFO news_platform.pipeline - Fetched source=ltn:politics items=20
2026-05-15 06:50:21,889 INFO news_platform.pipeline - Fetched source=newtalk:society items=20
2026-05-15 06:50:21,995 INFO news_platform.pipeline - Fetched source=ettoday:politics items=20
2026-05-15 06:50:22,006 INFO news_platform.pipeline - Fetched source=pts:society items=15
2026-05-15 06:50:22,022 INFO news_platform.pipeline - Fetched source=ebc:society items=20
2026-05-15 06:50:22,086 INFO news_platform.pipeline - Fetched source=ettoday:society items=20
2026-05-15 06:50:22,091 INFO news_platform.pipeline - Fetched source=tvbs:politics items=20
2026-05-15 06:50:22,100 INFO news_platform.pipeline - Fetched source=tvbs:society items=20
2026-05-15 06:50:22,100 INFO news_platform.pipeline - Fetched source=ebc:politics items=7
2026-05-15 06:50:22,205 INFO news_platform.pipeline - Fetched source=pts:politics items=15
2026-05-15 06:50:22,211 INFO news_platform.pipeline - Fetched source=newtalk:politics items=20
2026-05-15 06:50:22,262 INFO news_platform.pipeline - Fetched source=ctee:society items=20
2026-05-15 06:50:22,263 INFO news_platform.pipeline - Fetched source=cna:politics items=20
2026-05-15 06:50:22,344 INFO news_platform.pipeline - Fetched source=storm:politics items=12
2026-05-15 06:50:22,506 INFO news_platform.pipeline - Fetched source=ctee:politics items=12
2026-05-15 06:50:22,914 INFO news_platform.pipeline - Fetched source=cna:society items=20
2026-05-15 06:50:23,141 INFO news_platform - Cycle complete fetched=310 stored=3 duplicates=307 failed=0
2026-05-15 06:50:23,184 INFO news_platform - Keyword pass scanned=3 updated=3 failed=0
2026-05-15 06:50:23,196 INFO news_platform - Topic pass scanned=3 updated=3 failed=0
2026-05-15 06:50:23,898 INFO news_platform - Public-record link pass scanned_articles=200 candidate_records=333 matched=1 linked=0 duplicates=1 failed=0
2026-05-15 07:05:24,065 INFO news_platform.pipeline - Fetched source=ltn:society items=20
2026-05-15 07:05:24,089 INFO news_platform.pipeline - Fetched source=newtalk:society items=20
2026-05-15 07:05:24,162 INFO news_platform.pipeline - Fetched source=storm:society items=9
2026-05-15 07:05:24,175 INFO news_platform.pipeline - Fetched source=ltn:politics items=20
2026-05-15 07:05:24,188 INFO news_platform.pipeline - Fetched source=ebc:society items=20
2026-05-15 07:05:24,226 INFO news_platform.pipeline - Fetched source=pts:society items=15
2026-05-15 07:05:24,275 INFO news_platform.pipeline - Fetched source=tvbs:society items=20
2026-05-15 07:05:24,278 INFO news_platform.pipeline - Fetched source=cna:society items=20
2026-05-15 07:05:24,283 INFO news_platform.pipeline - Fetched source=tvbs:politics items=20
2026-05-15 07:05:24,303 INFO news_platform.pipeline - Fetched source=ettoday:politics items=20
2026-05-15 07:05:24,373 INFO news_platform.pipeline - Fetched source=ebc:politics items=7
2026-05-15 07:05:24,382 INFO news_platform.pipeline - Fetched source=newtalk:politics items=20
2026-05-15 07:05:24,428 INFO news_platform.pipeline - Fetched source=pts:politics items=15
2026-05-15 07:05:24,449 INFO news_platform.pipeline - Fetched source=storm:politics items=13
2026-05-15 07:05:24,464 INFO news_platform.pipeline - Fetched source=ctee:society items=20
2026-05-15 07:05:24,515 INFO news_platform.pipeline - Fetched source=cna:politics items=20
2026-05-15 07:05:24,691 INFO news_platform.pipeline - Fetched source=ctee:politics items=12
2026-05-15 07:05:25,140 INFO news_platform.pipeline - Fetched source=ettoday:society items=20
2026-05-15 07:05:25,433 INFO news_platform - Cycle complete fetched=311 stored=7 duplicates=304 failed=0
2026-05-15 07:05:25,603 INFO news_platform - Keyword pass scanned=7 updated=7 failed=0
2026-05-15 07:05:25,631 INFO news_platform - Topic pass scanned=7 updated=7 failed=0
2026-05-15 07:05:26,371 INFO news_platform - Public-record link pass scanned_articles=200 candidate_records=333 matched=1 linked=0 duplicates=1 failed=0
2026-05-15 07:20:26,505 INFO news_platform.pipeline - Fetched source=ltn:society items=20
2026-05-15 07:20:26,547 INFO news_platform.pipeline - Fetched source=pts:society items=15
2026-05-15 07:20:26,564 INFO news_platform.pipeline - Fetched source=newtalk:society items=20
2026-05-15 07:20:26,573 INFO news_platform.pipeline - Fetched source=ltn:politics items=20
2026-05-15 07:20:26,684 INFO news_platform.pipeline - Fetched source=ettoday:politics items=20
2026-05-15 07:20:26,689 INFO news_platform.pipeline - Fetched source=storm:society items=9
2026-05-15 07:20:26,738 INFO news_platform.pipeline - Fetched source=pts:politics items=15
2026-05-15 07:20:26,745 INFO news_platform.pipeline - Fetched source=ebc:society items=20
2026-05-15 07:20:26,841 INFO news_platform.pipeline - Fetched source=tvbs:society items=20
2026-05-15 07:20:26,846 INFO news_platform.pipeline - Fetched source=tvbs:politics items=20
2026-05-15 07:20:26,848 INFO news_platform.pipeline - Fetched source=ebc:politics items=7
2026-05-15 07:20:26,855 INFO news_platform.pipeline - Fetched source=newtalk:politics items=20
2026-05-15 07:20:26,917 INFO news_platform.pipeline - Fetched source=ctee:society items=20
2026-05-15 07:20:26,944 INFO news_platform.pipeline - Fetched source=cna:politics items=20
2026-05-15 07:20:27,070 INFO news_platform.pipeline - Fetched source=storm:politics items=13
2026-05-15 07:20:27,190 INFO news_platform.pipeline - Fetched source=ctee:politics items=12
2026-05-15 07:20:27,595 INFO news_platform.pipeline - Fetched source=cna:society items=20
2026-05-15 07:20:27,627 INFO news_platform.pipeline - Fetched source=ettoday:society items=20
2026-05-15 07:20:27,881 INFO news_platform - Cycle complete fetched=311 stored=1 duplicates=310 failed=0
2026-05-15 07:20:27,928 INFO news_platform - Keyword pass scanned=1 updated=1 failed=0
2026-05-15 07:20:27,938 INFO news_platform - Topic pass scanned=1 updated=1 failed=0
2026-05-15 07:20:28,675 INFO news_platform - Public-record link pass scanned_articles=200 candidate_records=333 matched=1 linked=0 duplicates=1 failed=0
2026-05-15 07:35:28,787 INFO news_platform.pipeline - Fetched source=tvbs:society items=20
2026-05-15 07:35:28,789 INFO news_platform.pipeline - Fetched source=ltn:society items=20
2026-05-15 07:35:28,798 INFO news_platform.pipeline - Fetched source=newtalk:society items=20
2026-05-15 07:35:28,878 INFO news_platform.pipeline - Fetched source=storm:society items=9
2026-05-15 07:35:28,890 INFO news_platform.pipeline - Fetched source=pts:society items=15
2026-05-15 07:35:28,892 INFO news_platform.pipeline - Fetched source=ltn:politics items=20
2026-05-15 07:35:28,906 INFO news_platform.pipeline - Fetched source=ettoday:politics items=20
2026-05-15 07:35:28,939 INFO news_platform.pipeline - Fetched source=tvbs:politics items=20
2026-05-15 07:35:28,955 INFO news_platform.pipeline - Fetched source=ebc:society items=20
2026-05-15 07:35:29,004 INFO news_platform.pipeline - Fetched source=cna:society items=20
2026-05-15 07:35:29,038 INFO news_platform.pipeline - Fetched source=newtalk:politics items=20
2026-05-15 07:35:29,123 INFO news_platform.pipeline - Fetched source=ebc:politics items=7
2026-05-15 07:35:29,148 INFO news_platform.pipeline - Fetched source=pts:politics items=15
2026-05-15 07:35:29,187 INFO news_platform.pipeline - Fetched source=cna:politics items=20
2026-05-15 07:35:29,203 INFO news_platform.pipeline - Fetched source=storm:politics items=13
2026-05-15 07:35:29,302 INFO news_platform.pipeline - Fetched source=ctee:society items=20
2026-05-15 07:35:29,344 INFO news_platform.pipeline - Fetched source=ctee:politics items=12
2026-05-15 07:35:29,880 INFO news_platform.pipeline - Fetched source=ettoday:society items=20
2026-05-15 07:35:30,095 INFO news_platform - Cycle complete fetched=311 stored=4 duplicates=307 failed=0
2026-05-15 07:35:30,236 INFO news_platform - Keyword pass scanned=4 updated=4 failed=0
2026-05-15 07:35:30,250 INFO news_platform - Topic pass scanned=4 updated=4 failed=0
2026-05-15 07:35:30,954 INFO news_platform - Public-record link pass scanned_articles=200 candidate_records=333 matched=1 linked=0 duplicates=1 failed=0
2026-05-15 07:50:31,000 INFO news_platform.pipeline - Fetched source=storm:society items=9
2026-05-15 07:50:31,002 INFO news_platform.pipeline - Fetched source=ltn:society items=20
2026-05-15 07:50:31,068 INFO news_platform.pipeline - Fetched source=newtalk:society items=20
2026-05-15 07:50:31,071 INFO news_platform.pipeline - Fetched source=ebc:society items=20
2026-05-15 07:50:31,185 INFO news_platform.pipeline - Fetched source=ettoday:politics items=20
2026-05-15 07:50:31,215 INFO news_platform.pipeline - Fetched source=cna:society items=20
2026-05-15 07:50:31,231 INFO news_platform.pipeline - Fetched source=ltn:politics items=20
2026-05-15 07:50:31,248 INFO news_platform.pipeline - Fetched source=pts:society items=15
2026-05-15 07:50:31,309 INFO news_platform.pipeline - Fetched source=ettoday:society items=20
2026-05-15 07:50:31,320 INFO news_platform.pipeline - Fetched source=tvbs:society items=20
2026-05-15 07:50:31,326 INFO news_platform.pipeline - Fetched source=tvbs:politics items=20
2026-05-15 07:50:31,329 INFO news_platform.pipeline - Fetched source=ebc:politics items=7
2026-05-15 07:50:31,413 INFO news_platform.pipeline - Fetched source=pts:politics items=15
2026-05-15 07:50:31,472 INFO news_platform.pipeline - Fetched source=newtalk:politics items=20
2026-05-15 07:50:31,485 INFO news_platform.pipeline - Fetched source=cna:politics items=20
2026-05-15 07:50:31,503 INFO news_platform.pipeline - Fetched source=ctee:society items=20
2026-05-15 07:50:31,582 INFO news_platform.pipeline - Fetched source=storm:politics items=13
2026-05-15 07:50:31,642 INFO news_platform.pipeline - Fetched source=ctee:politics items=12
2026-05-15 07:50:31,845 INFO news_platform - Cycle complete fetched=311 stored=1 duplicates=310 failed=0
2026-05-15 07:50:31,867 INFO news_platform - Keyword pass scanned=1 updated=1 failed=0
2026-05-15 07:50:31,876 INFO news_platform - Topic pass scanned=1 updated=1 failed=0
2026-05-15 07:50:32,587 INFO news_platform - Public-record link pass scanned_articles=200 candidate_records=333 matched=1 linked=0 duplicates=1 failed=0
2026-05-15 08:05:32,663 INFO news_platform.pipeline - Fetched source=ltn:society items=20
2026-05-15 08:05:32,699 INFO news_platform.pipeline - Fetched source=newtalk:society items=20
2026-05-15 08:05:32,733 INFO news_platform.pipeline - Fetched source=ltn:politics items=20
2026-05-15 08:05:32,826 INFO news_platform.pipeline - Fetched source=pts:society items=15
2026-05-15 08:05:32,833 INFO news_platform.pipeline - Fetched source=storm:society items=9
2026-05-15 08:05:32,833 INFO news_platform.pipeline - Fetched source=ebc:society items=20
2026-05-15 08:05:32,862 INFO news_platform.pipeline - Fetched source=ettoday:politics items=20
2026-05-15 08:05:32,972 INFO news_platform.pipeline - Fetched source=tvbs:society items=20
2026-05-15 08:05:32,974 INFO news_platform.pipeline - Fetched source=tvbs:politics items=20
2026-05-15 08:05:32,974 INFO news_platform.pipeline - Fetched source=ebc:politics items=7
2026-05-15 08:05:33,019 INFO news_platform.pipeline - Fetched source=pts:politics items=15
2026-05-15 08:05:33,079 INFO news_platform.pipeline - Fetched source=newtalk:politics items=20
2026-05-15 08:05:33,199 INFO news_platform.pipeline - Fetched source=ctee:society items=20
2026-05-15 08:05:33,347 INFO news_platform.pipeline - Fetched source=storm:politics items=13
2026-05-15 08:05:33,355 INFO news_platform.pipeline - Fetched source=ctee:politics items=12
2026-05-15 08:05:33,762 INFO news_platform.pipeline - Fetched source=cna:society items=20
2026-05-15 08:05:33,814 INFO news_platform.pipeline - Fetched source=ettoday:society items=20
2026-05-15 08:05:33,956 INFO news_platform.pipeline - Fetched source=cna:politics items=20
2026-05-15 08:05:34,187 INFO news_platform - Cycle complete fetched=311 stored=2 duplicates=309 failed=0
2026-05-15 08:05:34,249 INFO news_platform - Keyword pass scanned=2 updated=2 failed=0
2026-05-15 08:05:34,260 INFO news_platform - Topic pass scanned=2 updated=2 failed=0
2026-05-15 08:05:34,963 INFO news_platform - Public-record link pass scanned_articles=200 candidate_records=333 matched=1 linked=0 duplicates=1 failed=0
2026-05-15 08:20:35,052 INFO news_platform.pipeline - Fetched source=ltn:society items=20
2026-05-15 08:20:35,077 INFO news_platform.pipeline - Fetched source=newtalk:society items=20
2026-05-15 08:20:35,114 INFO news_platform.pipeline - Fetched source=ebc:society items=20
2026-05-15 08:20:35,122 INFO news_platform.pipeline - Fetched source=ltn:politics items=20
2026-05-15 08:20:35,180 INFO news_platform.pipeline - Fetched source=storm:society items=9
2026-05-15 08:20:35,239 INFO news_platform.pipeline - Fetched source=pts:society items=15
2026-05-15 08:20:35,254 INFO news_platform.pipeline - Fetched source=ettoday:politics items=20
2026-05-15 08:20:35,335 INFO news_platform.pipeline - Fetched source=ebc:politics items=7
2026-05-15 08:20:35,419 INFO news_platform.pipeline - Fetched source=tvbs:society items=20
2026-05-15 08:20:35,425 INFO news_platform.pipeline - Fetched source=tvbs:politics items=20
2026-05-15 08:20:35,490 INFO news_platform.pipeline - Fetched source=pts:politics items=15
2026-05-15 08:20:35,501 INFO news_platform.pipeline - Fetched source=newtalk:politics items=20
2026-05-15 08:20:35,572 INFO news_platform.pipeline - Fetched source=storm:politics items=14
2026-05-15 08:20:35,630 INFO news_platform.pipeline - Fetched source=ctee:society items=20
2026-05-15 08:20:35,777 INFO news_platform.pipeline - Fetched source=ctee:politics items=12
2026-05-15 08:20:36,092 INFO news_platform.pipeline - Fetched source=cna:society items=20
2026-05-15 08:20:36,163 INFO news_platform.pipeline - Fetched source=ettoday:society items=20
2026-05-15 08:20:36,358 INFO news_platform.pipeline - Fetched source=cna:politics items=20
2026-05-15 08:20:36,590 INFO news_platform - Cycle complete fetched=312 stored=4 duplicates=308 failed=0
2026-05-15 08:20:36,688 INFO news_platform - Keyword pass scanned=4 updated=4 failed=0
2026-05-15 08:20:36,705 INFO news_platform - Topic pass scanned=4 updated=4 failed=0
2026-05-15 08:20:37,406 INFO news_platform - Public-record link pass scanned_articles=200 candidate_records=333 matched=1 linked=0 duplicates=1 failed=0
2026-05-15 08:35:37,456 INFO news_platform.pipeline - Fetched source=ltn:society items=20
2026-05-15 08:35:37,508 INFO news_platform.pipeline - Fetched source=newtalk:society items=20
2026-05-15 08:35:37,538 INFO news_platform.pipeline - Fetched source=tvbs:society items=20
2026-05-15 08:35:37,544 INFO news_platform.pipeline - Fetched source=ltn:politics items=20
2026-05-15 08:35:37,580 INFO news_platform.pipeline - Fetched source=ebc:society items=20
2026-05-15 08:35:37,599 INFO news_platform.pipeline - Fetched source=tvbs:politics items=20
2026-05-15 08:35:37,613 INFO news_platform.pipeline - Fetched source=pts:society items=15
2026-05-15 08:35:37,686 INFO news_platform.pipeline - Fetched source=ebc:politics items=7
2026-05-15 08:35:37,710 INFO news_platform.pipeline - Fetched source=storm:society items=11
2026-05-15 08:35:37,725 INFO news_platform.pipeline - Fetched source=ettoday:politics items=20
2026-05-15 08:35:37,773 INFO news_platform.pipeline - Fetched source=newtalk:politics items=20
2026-05-15 08:35:37,787 INFO news_platform.pipeline - Fetched source=cna:society items=20
2026-05-15 08:35:37,790 INFO news_platform.pipeline - Fetched source=ettoday:society items=20
2026-05-15 08:35:37,808 INFO news_platform.pipeline - Fetched source=pts:politics items=15
2026-05-15 08:35:37,897 INFO news_platform.pipeline - Fetched source=storm:politics items=15
2026-05-15 08:35:37,965 INFO news_platform.pipeline - Fetched source=ctee:society items=20
2026-05-15 08:35:38,149 INFO news_platform.pipeline - Fetched source=ctee:politics items=12
2026-05-15 08:35:38,714 INFO news_platform.pipeline - Fetched source=cna:politics items=20
2026-05-15 08:35:38,927 INFO news_platform - Cycle complete fetched=315 stored=7 duplicates=308 failed=0
2026-05-15 08:35:39,063 INFO news_platform - Keyword pass scanned=7 updated=7 failed=0
2026-05-15 08:35:39,081 INFO news_platform - Topic pass scanned=7 updated=7 failed=0
2026-05-15 08:35:39,762 INFO news_platform - Public-record link pass scanned_articles=200 candidate_records=333 matched=1 linked=0 duplicates=1 failed=0
2026-05-15 08:50:39,804 INFO news_platform.pipeline - Fetched source=ltn:society items=20
2026-05-15 08:50:39,946 INFO news_platform.pipeline - Fetched source=pts:society items=15
2026-05-15 08:50:39,964 INFO news_platform.pipeline - Fetched source=ebc:society items=20
2026-05-15 08:50:39,986 INFO news_platform.pipeline - Fetched source=ltn:politics items=20
2026-05-15 08:50:40,007 INFO news_platform.pipeline - Fetched source=storm:society items=12
2026-05-15 08:50:40,026 INFO news_platform.pipeline - Fetched source=cna:society items=20
2026-05-15 08:50:40,077 INFO news_platform.pipeline - Fetched source=tvbs:society items=20
2026-05-15 08:50:40,097 INFO news_platform.pipeline - Fetched source=tvbs:politics items=20
2026-05-15 08:50:40,112 INFO news_platform.pipeline - Fetched source=ettoday:politics items=20
2026-05-15 08:50:40,124 INFO news_platform.pipeline - Fetched source=newtalk:society items=20
2026-05-15 08:50:40,169 INFO news_platform.pipeline - Fetched source=ebc:politics items=7
2026-05-15 08:50:40,193 INFO news_platform.pipeline - Fetched source=newtalk:politics items=20
2026-05-15 08:50:40,222 INFO news_platform.pipeline - Fetched source=ctee:society items=20
2026-05-15 08:50:40,327 INFO news_platform.pipeline - Fetched source=pts:politics items=15
2026-05-15 08:50:40,345 INFO news_platform.pipeline - Fetched source=storm:politics items=16
2026-05-15 08:50:40,460 INFO news_platform.pipeline - Fetched source=ctee:politics items=12
2026-05-15 08:50:40,928 INFO news_platform.pipeline - Fetched source=ettoday:society items=20
2026-05-15 08:50:41,170 INFO news_platform.pipeline - Fetched source=cna:politics items=20
2026-05-15 08:50:41,380 INFO news_platform - Cycle complete fetched=317 stored=11 duplicates=306 failed=0
2026-05-15 08:50:41,568 INFO news_platform - Keyword pass scanned=11 updated=11 failed=0
2026-05-15 08:50:41,592 INFO news_platform - Topic pass scanned=11 updated=11 failed=0
2026-05-15 08:50:42,281 INFO news_platform - Public-record link pass scanned_articles=200 candidate_records=333 matched=1 linked=0 duplicates=1 failed=0
2026-05-15 09:05:42,324 INFO news_platform.pipeline - Fetched source=storm:society items=12
2026-05-15 09:05:42,411 INFO news_platform.pipeline - Fetched source=tvbs:society items=20
2026-05-15 09:05:42,416 INFO news_platform.pipeline - Fetched source=ltn:society items=20
2026-05-15 09:05:42,426 INFO news_platform.pipeline - Fetched source=newtalk:society items=20
2026-05-15 09:05:42,429 INFO news_platform.pipeline - Fetched source=ebc:society items=20
2026-05-15 09:05:42,468 INFO news_platform.pipeline - Fetched source=tvbs:politics items=20
2026-05-15 09:05:42,514 INFO news_platform.pipeline - Fetched source=pts:society items=15
2026-05-15 09:05:42,552 INFO news_platform.pipeline - Fetched source=ettoday:politics items=20
2026-05-15 09:05:42,554 INFO news_platform.pipeline - Fetched source=ltn:politics items=20
2026-05-15 09:05:42,581 INFO news_platform.pipeline - Fetched source=storm:politics items=16
2026-05-15 09:05:42,620 INFO news_platform.pipeline - Fetched source=ebc:politics items=7
2026-05-15 09:05:42,634 INFO news_platform.pipeline - Fetched source=newtalk:politics items=20
2026-05-15 09:05:42,711 INFO news_platform.pipeline - Fetched source=pts:politics items=15
2026-05-15 09:05:42,803 INFO news_platform.pipeline - Fetched source=ctee:society items=20
2026-05-15 09:05:42,952 INFO news_platform.pipeline - Fetched source=ctee:politics items=12
2026-05-15 09:05:43,385 INFO news_platform.pipeline - Fetched source=cna:society items=20
2026-05-15 09:05:43,436 INFO news_platform.pipeline - Fetched source=ettoday:society items=20
2026-05-15 09:05:43,567 INFO news_platform.pipeline - Fetched source=cna:politics items=20
2026-05-15 09:05:43,770 INFO news_platform - Cycle complete fetched=317 stored=2 duplicates=315 failed=0
2026-05-15 09:05:43,839 INFO news_platform - Keyword pass scanned=2 updated=2 failed=0
2026-05-15 09:05:43,850 INFO news_platform - Topic pass scanned=2 updated=2 failed=0
2026-05-15 09:05:44,527 INFO news_platform - Public-record link pass scanned_articles=200 candidate_records=333 matched=1 linked=0 duplicates=1 failed=0
2026-05-15 09:20:44,580 INFO news_platform.pipeline - Fetched source=ltn:society items=20
2026-05-15 09:20:44,641 INFO news_platform.pipeline - Fetched source=newtalk:society items=20
2026-05-15 09:20:44,668 INFO news_platform.pipeline - Fetched source=ltn:politics items=20
2026-05-15 09:20:44,783 INFO news_platform.pipeline - Fetched source=tvbs:society items=20
2026-05-15 09:20:44,789 INFO news_platform.pipeline - Fetched source=ebc:society items=20
2026-05-15 09:20:44,826 INFO news_platform.pipeline - Fetched source=pts:society items=15
2026-05-15 09:20:44,840 INFO news_platform.pipeline - Fetched source=ettoday:politics items=20
2026-05-15 09:20:44,846 INFO news_platform.pipeline - Fetched source=tvbs:politics items=20
2026-05-15 09:20:44,867 INFO news_platform.pipeline - Fetched source=storm:society items=12
2026-05-15 09:20:44,909 INFO news_platform.pipeline - Fetched source=ebc:politics items=7
2026-05-15 09:20:44,939 INFO news_platform.pipeline - Fetched source=newtalk:politics items=20
2026-05-15 09:20:45,041 INFO news_platform.pipeline - Fetched source=pts:politics items=15
2026-05-15 09:20:45,081 INFO news_platform.pipeline - Fetched source=storm:politics items=16
2026-05-15 09:20:45,092 INFO news_platform.pipeline - Fetched source=cna:politics items=20
2026-05-15 09:20:45,124 INFO news_platform.pipeline - Fetched source=ctee:society items=20
2026-05-15 09:20:45,304 INFO news_platform.pipeline - Fetched source=ctee:politics items=12
2026-05-15 09:20:45,665 INFO news_platform.pipeline - Fetched source=cna:society items=20
2026-05-15 09:20:45,719 INFO news_platform.pipeline - Fetched source=ettoday:society items=20
2026-05-15 09:20:45,938 INFO news_platform - Cycle complete fetched=317 stored=17 duplicates=300 failed=0
2026-05-15 09:20:46,185 INFO news_platform - Keyword pass scanned=17 updated=17 failed=0
2026-05-15 09:20:46,215 INFO news_platform - Topic pass scanned=17 updated=17 failed=0
2026-05-15 09:20:46,910 INFO news_platform - Public-record link pass scanned_articles=200 candidate_records=333 matched=1 linked=0 duplicates=1 failed=0
2026-05-15 09:35:46,954 INFO news_platform.pipeline - Fetched source=ltn:society items=20
2026-05-15 09:35:47,014 INFO news_platform.pipeline - Fetched source=newtalk:society items=20
2026-05-15 09:35:47,120 INFO news_platform.pipeline - Fetched source=ltn:politics items=20
2026-05-15 09:35:47,123 INFO news_platform.pipeline - Fetched source=ebc:society items=20
2026-05-15 09:35:47,172 INFO news_platform.pipeline - Fetched source=pts:society items=15
2026-05-15 09:35:47,233 INFO news_platform.pipeline - Fetched source=storm:society items=12
2026-05-15 09:35:47,259 INFO news_platform.pipeline - Fetched source=ettoday:politics items=20
2026-05-15 09:35:47,288 INFO news_platform.pipeline - Fetched source=ctee:society items=20
2026-05-15 09:35:47,291 INFO news_platform.pipeline - Fetched source=ettoday:society items=20
2026-05-15 09:35:47,299 INFO news_platform.pipeline - Fetched source=tvbs:society items=20
2026-05-15 09:35:47,305 INFO news_platform.pipeline - Fetched source=tvbs:politics items=20
2026-05-15 09:35:47,373 INFO news_platform.pipeline - Fetched source=ebc:politics items=7
2026-05-15 09:35:47,382 INFO news_platform.pipeline - Fetched source=newtalk:politics items=20
2026-05-15 09:35:47,510 INFO news_platform.pipeline - Fetched source=pts:politics items=15
2026-05-15 09:35:47,636 INFO news_platform.pipeline - Fetched source=storm:politics items=17
2026-05-15 09:35:47,648 INFO news_platform.pipeline - Fetched source=ctee:politics items=12
2026-05-15 09:35:48,059 INFO news_platform.pipeline - Fetched source=cna:society items=20
2026-05-15 09:35:48,302 INFO news_platform.pipeline - Fetched source=cna:politics items=20
2026-05-15 09:35:48,518 INFO news_platform - Cycle complete fetched=318 stored=10 duplicates=308 failed=0
2026-05-15 09:35:48,613 INFO news_platform - Keyword pass scanned=10 updated=10 failed=0
2026-05-15 09:35:48,634 INFO news_platform - Topic pass scanned=10 updated=10 failed=0
2026-05-15 09:35:49,377 INFO news_platform - Public-record link pass scanned_articles=200 candidate_records=333 matched=1 linked=0 duplicates=1 failed=0
2026-05-15 09:50:49,419 INFO news_platform.pipeline - Fetched source=ltn:society items=20
2026-05-15 09:50:49,484 INFO news_platform.pipeline - Fetched source=tvbs:society items=20
2026-05-15 09:50:49,491 INFO news_platform.pipeline - Fetched source=newtalk:society items=20
2026-05-15 09:50:49,504 INFO news_platform.pipeline - Fetched source=ltn:politics items=20
2026-05-15 09:50:49,556 INFO news_platform.pipeline - Fetched source=tvbs:politics items=20
2026-05-15 09:50:49,570 INFO news_platform.pipeline - Fetched source=storm:society items=12
2026-05-15 09:50:49,619 INFO news_platform.pipeline - Fetched source=ettoday:politics items=20
2026-05-15 09:50:49,622 INFO news_platform.pipeline - Fetched source=ebc:society items=20
2026-05-15 09:50:49,633 INFO news_platform.pipeline - Fetched source=pts:society items=15
2026-05-15 09:50:49,688 INFO news_platform.pipeline - Fetched source=ettoday:society items=20
2026-05-15 09:50:49,704 INFO news_platform.pipeline - Fetched source=ebc:politics items=7
2026-05-15 09:50:49,722 INFO news_platform.pipeline - Fetched source=newtalk:politics items=20
2026-05-15 09:50:49,858 INFO news_platform.pipeline - Fetched source=storm:politics items=18
2026-05-15 09:50:49,868 INFO news_platform.pipeline - Fetched source=cna:politics items=20
2026-05-15 09:50:49,879 INFO news_platform.pipeline - Fetched source=pts:politics items=15
2026-05-15 09:50:49,924 INFO news_platform.pipeline - Fetched source=ctee:society items=20
2026-05-15 09:50:50,017 INFO news_platform.pipeline - Fetched source=ctee:politics items=12
2026-05-15 09:50:50,473 INFO news_platform.pipeline - Fetched source=cna:society items=20
2026-05-15 09:50:50,684 INFO news_platform - Cycle complete fetched=319 stored=15 duplicates=304 failed=0
2026-05-15 09:50:50,845 INFO news_platform - Keyword pass scanned=15 updated=15 failed=0
2026-05-15 09:50:50,875 INFO news_platform - Topic pass scanned=15 updated=15 failed=0
2026-05-15 09:50:51,599 INFO news_platform - Public-record link pass scanned_articles=200 candidate_records=333 matched=0 linked=0 duplicates=0 failed=0
2026-05-15 10:05:51,814 INFO news_platform.pipeline - Fetched source=ltn:society items=20
2026-05-15 10:05:51,848 INFO news_platform.pipeline - Fetched source=tvbs:society items=20
2026-05-15 10:05:51,897 INFO news_platform.pipeline - Fetched source=newtalk:society items=20
2026-05-15 10:05:51,919 INFO news_platform.pipeline - Fetched source=storm:society items=12
2026-05-15 10:05:51,919 INFO news_platform.pipeline - Fetched source=ltn:politics items=20
2026-05-15 10:05:51,924 INFO news_platform.pipeline - Fetched source=ebc:society items=20
2026-05-15 10:05:51,960 INFO news_platform.pipeline - Fetched source=tvbs:politics items=20
2026-05-15 10:05:52,010 INFO news_platform.pipeline - Fetched source=ettoday:politics items=20
2026-05-15 10:05:52,030 INFO news_platform.pipeline - Fetched source=pts:society items=15
2026-05-15 10:05:52,036 INFO news_platform.pipeline - Fetched source=ebc:politics items=7
2026-05-15 10:05:52,066 INFO news_platform.pipeline - Fetched source=cna:society items=20
2026-05-15 10:05:52,111 INFO news_platform.pipeline - Fetched source=ctee:society items=20
2026-05-15 10:05:52,121 INFO news_platform.pipeline - Fetched source=newtalk:politics items=20
2026-05-15 10:05:52,143 INFO news_platform.pipeline - Fetched source=pts:politics items=15
2026-05-15 10:05:52,200 INFO news_platform.pipeline - Fetched source=storm:politics items=19
2026-05-15 10:05:52,388 INFO news_platform.pipeline - Fetched source=ctee:politics items=12
2026-05-15 10:05:52,950 INFO news_platform.pipeline - Fetched source=ettoday:society items=20
2026-05-15 10:05:53,064 INFO news_platform.pipeline - Fetched source=cna:politics items=20
2026-05-15 10:05:53,488 INFO news_platform - Cycle complete fetched=320 stored=11 duplicates=309 failed=0
2026-05-15 10:05:53,751 INFO news_platform - Keyword pass scanned=11 updated=11 failed=0
2026-05-15 10:05:53,782 INFO news_platform - Topic pass scanned=11 updated=11 failed=0
2026-05-15 10:05:54,559 INFO news_platform - Public-record link pass scanned_articles=200 candidate_records=333 matched=0 linked=0 duplicates=0 failed=0
2026-05-15 10:20:54,748 INFO news_platform.pipeline - Fetched source=ltn:society items=20
2026-05-15 10:20:54,789 INFO news_platform.pipeline - Fetched source=tvbs:society items=20
2026-05-15 10:20:54,829 INFO news_platform.pipeline - Fetched source=newtalk:society items=20
2026-05-15 10:20:54,862 INFO news_platform.pipeline - Fetched source=ltn:politics items=20
2026-05-15 10:20:54,925 INFO news_platform.pipeline - Fetched source=tvbs:politics items=20
2026-05-15 10:20:54,929 INFO news_platform.pipeline - Fetched source=ebc:society items=20
2026-05-15 10:20:54,965 INFO news_platform.pipeline - Fetched source=ettoday:politics items=20
2026-05-15 10:20:54,981 INFO news_platform.pipeline - Fetched source=pts:society items=15
2026-05-15 10:20:55,010 INFO news_platform.pipeline - Fetched source=storm:society items=13
2026-05-15 10:20:55,045 INFO news_platform.pipeline - Fetched source=ebc:politics items=7
2026-05-15 10:20:55,072 INFO news_platform.pipeline - Fetched source=newtalk:politics items=20
2026-05-15 10:20:55,149 INFO news_platform.pipeline - Fetched source=pts:politics items=15
2026-05-15 10:20:55,214 INFO news_platform.pipeline - Fetched source=ctee:society items=20
2026-05-15 10:20:55,238 INFO news_platform.pipeline - Fetched source=cna:politics items=20
2026-05-15 10:20:55,368 INFO news_platform.pipeline - Fetched source=storm:politics items=20
2026-05-15 10:20:55,376 INFO news_platform.pipeline - Fetched source=ctee:politics items=12
2026-05-15 10:20:55,829 INFO news_platform.pipeline - Fetched source=cna:society items=20
2026-05-15 10:20:55,857 INFO news_platform.pipeline - Fetched source=ettoday:society items=20
2026-05-15 10:20:56,750 INFO news_platform - Cycle complete fetched=322 stored=26 duplicates=296 failed=0
2026-05-15 10:20:58,249 INFO news_platform - Keyword pass scanned=26 updated=26 failed=0
2026-05-15 10:20:58,368 INFO news_platform - Topic pass scanned=26 updated=26 failed=0
2026-05-15 10:21:00,992 INFO news_platform - Public-record link pass scanned_articles=200 candidate_records=333 matched=0 linked=0 duplicates=0 failed=0
2026-05-15 10:36:01,139 INFO news_platform.pipeline - Fetched source=ltn:society items=20
2026-05-15 10:36:01,157 INFO news_platform.pipeline - Fetched source=tvbs:society items=20
2026-05-15 10:36:01,223 INFO news_platform.pipeline - Fetched source=ebc:society items=20
2026-05-15 10:36:01,240 INFO news_platform.pipeline - Fetched source=newtalk:society items=20
2026-05-15 10:36:01,285 INFO news_platform.pipeline - Fetched source=ltn:politics items=20
2026-05-15 10:36:01,293 INFO news_platform.pipeline - Fetched source=tvbs:politics items=20
2026-05-15 10:36:01,342 INFO news_platform.pipeline - Fetched source=ettoday:politics items=20
2026-05-15 10:36:01,393 INFO news_platform.pipeline - Fetched source=ettoday:society items=20
2026-05-15 10:36:01,443 INFO news_platform.pipeline - Fetched source=ebc:politics items=7
2026-05-15 10:36:01,465 INFO news_platform.pipeline - Fetched source=pts:society items=15
2026-05-15 10:36:01,473 INFO news_platform.pipeline - Fetched source=newtalk:politics items=20
2026-05-15 10:36:01,485 INFO news_platform.pipeline - Fetched source=storm:society items=13
2026-05-15 10:36:01,515 INFO news_platform.pipeline - Fetched source=pts:politics items=15
2026-05-15 10:36:01,563 INFO news_platform.pipeline - Fetched source=cna:politics items=20
2026-05-15 10:36:01,685 INFO news_platform.pipeline - Fetched source=storm:politics items=20
2026-05-15 10:36:01,705 INFO news_platform.pipeline - Fetched source=ctee:society items=20
2026-05-15 10:36:01,954 INFO news_platform.pipeline - Fetched source=ctee:politics items=12
2026-05-15 10:36:02,194 INFO news_platform.pipeline - Fetched source=cna:society items=20
2026-05-15 10:36:02,526 INFO news_platform - Cycle complete fetched=322 stored=13 duplicates=309 failed=0
2026-05-15 10:36:02,889 INFO news_platform - Keyword pass scanned=13 updated=13 failed=0
2026-05-15 10:36:02,926 INFO news_platform - Topic pass scanned=13 updated=13 failed=0
2026-05-15 10:36:03,631 INFO news_platform - Public-record link pass scanned_articles=200 candidate_records=333 matched=0 linked=0 duplicates=0 failed=0
